#
# There is insufficient memory for the Java Runtime Environment to continue.
# Native memory allocation (malloc) failed to allocate 32744 bytes for ChunkPool::allocate
# Possible reasons:
#   The system is out of physical RAM or swap space
#   The process is running with CompressedOops enabled, and the Java Heap may be blocking the growth of the native heap
# Possible solutions:
#   Reduce memory load on the system
#   Increase physical memory or swap space
#   Check if swap backing store is full
#   Decrease Java heap size (-Xmx/-Xms)
#   Decrease number of Java threads
#   Decrease Java thread stack sizes (-Xss)
#   Set larger code cache with -XX:ReservedCodeCacheSize=
#   JVM is running with Unscaled Compressed Oops mode in which the Java heap is
#     placed in the first 4GB address space. The Java Heap base address is the
#     maximum limit for the native heap growth. Please use -XX:HeapBaseMinAddress
#     to set the Java Heap base and to place the Java Heap above 4GB virtual address.
# This output file may be truncated or incomplete.
#
#  Out of Memory Error (./src/hotspot/share/memory/arena.cpp:81), pid=15824, tid=12600
#
# JRE version: OpenJDK Runtime Environment (11.0.10) (build 11.0.10+0-b96-7249189)
# Java VM: OpenJDK 64-Bit Server VM (11.0.10+0-b96-7249189, mixed mode, tiered, compressed oops, g1 gc, windows-amd64)
# No core dump will be written. Minidumps are not enabled by default on client versions of Windows
#

---------------  S U M M A R Y ------------

Command Line: --add-opens=java.base/java.util=ALL-UNNAMED --add-opens=java.base/java.lang=ALL-UNNAMED --add-opens=java.base/java.lang.invoke=ALL-UNNAMED --add-opens=java.base/java.util=ALL-UNNAMED --add-opens=java.prefs/java.util.prefs=ALL-UNNAMED --add-opens=java.prefs/java.util.prefs=ALL-UNNAMED --add-opens=java.base/java.nio.charset=ALL-UNNAMED --add-opens=java.base/java.net=ALL-UNNAMED --add-opens=java.base/java.util.concurrent.atomic=ALL-UNNAMED -Xmx2048m -Dfile.encoding=UTF-8 -Duser.country=ES -Duser.language=es -Duser.variant org.gradle.launcher.daemon.bootstrap.GradleDaemon 7.0.2

Host: Intel(R) Core(TM) i7-8650U CPU @ 1.90GHz, 2 cores, 11G,  Windows 10 , 64 bit Build 19041 (10.0.19041.1348)
Time: Wed Dec 29 13:15:51 2021 Hora est. Pacífico, Sudamérica elapsed time: 1207.582688 seconds (0d 0h 20m 7s)

---------------  T H R E A D  ---------------

Current thread (0x000002e319ea6800):  JavaThread "C2 CompilerThread0" daemon [_thread_in_native, id=12600, stack(0x000000fe19b00000,0x000000fe19c00000)]


Current CompileTask:
C2:1207582 12014       4       org.gradle.internal.instantiation.generator.AbstractClassGenerator$PropertyMetadata::hasAnnotation (40 bytes)

Stack: [0x000000fe19b00000,0x000000fe19c00000]
Native frames: (J=compiled Java code, j=interpreted, Vv=VM code, C=native code)
V  [jvm.dll+0x5ecfaa]
V  [jvm.dll+0x722bd5]
V  [jvm.dll+0x72412d]
V  [jvm.dll+0x7247e3]
V  [jvm.dll+0x242928]
V  [jvm.dll+0xbc75b]
V  [jvm.dll+0xbca0c]
V  [jvm.dll+0xbc608]
V  [jvm.dll+0x5cc470]
V  [jvm.dll+0x61cfee]
V  [jvm.dll+0x1980d8]
V  [jvm.dll+0x1fb70e]
V  [jvm.dll+0x1fa7f4]
V  [jvm.dll+0x18354c]
V  [jvm.dll+0x208ee7]
V  [jvm.dll+0x207731]
V  [jvm.dll+0x6eb1cf]
V  [jvm.dll+0x6e3d45]
V  [jvm.dll+0x5ebe96]
C  [ucrtbase.dll+0x21bb2]
C  [KERNEL32.DLL+0x17034]
C  [ntdll.dll+0x52651]


---------------  P R O C E S S  ---------------

Threads class SMR info:
_java_thread_list=0x000002e3215c2b30, length=38, elements={
0x000002e37e8ab000, 0x000002e31a6c2800, 0x000002e31a6cc000, 0x000002e31a714000,
0x000002e31a715000, 0x000002e31a718800, 0x000002e319ea6800, 0x000002e319ea7800,
0x000002e319ea9000, 0x000002e31a861000, 0x000002e31bfea800, 0x000002e31bfe8000,
0x000002e31bfec000, 0x000002e31c91c800, 0x000002e31c920800, 0x000002e31c91d800,
0x000002e31c920000, 0x000002e31c91b000, 0x000002e31c922000, 0x000002e31c924800,
0x000002e31c928800, 0x000002e31c929800, 0x000002e31c2e9800, 0x000002e31c2ea000,
0x000002e31c2eb000, 0x000002e31c2e5800, 0x000002e31c2e6000, 0x000002e31c2e8800,
0x000002e31c2ec000, 0x000002e31c2ec800, 0x000002e31c2e7000, 0x000002e31c2e7800,
0x000002e31c2f1800, 0x000002e31c2f4000, 0x000002e31c2ee800, 0x000002e31c2ef000,
0x000002e31c2f0000, 0x000002e31c2f2800
}

Java Threads: ( => current thread )
  0x000002e37e8ab000 JavaThread "main" [_thread_blocked, id=15148, stack(0x000000fe18f00000,0x000000fe19000000)]
  0x000002e31a6c2800 JavaThread "Reference Handler" daemon [_thread_blocked, id=15704, stack(0x000000fe19600000,0x000000fe19700000)]
  0x000002e31a6cc000 JavaThread "Finalizer" daemon [_thread_blocked, id=15940, stack(0x000000fe19700000,0x000000fe19800000)]
  0x000002e31a714000 JavaThread "Signal Dispatcher" daemon [_thread_blocked, id=12836, stack(0x000000fe19800000,0x000000fe19900000)]
  0x000002e31a715000 JavaThread "Attach Listener" daemon [_thread_blocked, id=3960, stack(0x000000fe19900000,0x000000fe19a00000)]
  0x000002e31a718800 JavaThread "Service Thread" daemon [_thread_blocked, id=15916, stack(0x000000fe19a00000,0x000000fe19b00000)]
=>0x000002e319ea6800 JavaThread "C2 CompilerThread0" daemon [_thread_in_native, id=12600, stack(0x000000fe19b00000,0x000000fe19c00000)]
  0x000002e319ea7800 JavaThread "C1 CompilerThread0" daemon [_thread_in_native, id=15392, stack(0x000000fe19c00000,0x000000fe19d00000)]
  0x000002e319ea9000 JavaThread "Sweeper thread" daemon [_thread_blocked, id=13400, stack(0x000000fe19d00000,0x000000fe19e00000)]
  0x000002e31a861000 JavaThread "Common-Cleaner" daemon [_thread_blocked, id=16940, stack(0x000000fe19e00000,0x000000fe19f00000)]
  0x000002e31bfea800 JavaThread "Daemon health stats" [_thread_blocked, id=13932, stack(0x000000fe1a100000,0x000000fe1a200000)]
  0x000002e31bfe8000 JavaThread "Incoming local TCP Connector on port 60033" [_thread_in_native, id=1140, stack(0x000000fe1a200000,0x000000fe1a300000)]
  0x000002e31bfec000 JavaThread "Daemon periodic checks" [_thread_blocked, id=15220, stack(0x000000fe1a500000,0x000000fe1a600000)]
  0x000002e31c91c800 JavaThread "Cache worker for file hash cache (C:\Users\DESARROLLO1\.gradle\caches\7.0.2\fileHashes)" [_thread_blocked, id=15560, stack(0x000000fe1ab00000,0x000000fe1ac00000)]
  0x000002e31c920800 JavaThread "File lock request listener" [_thread_in_native, id=6080, stack(0x000000fe1ac00000,0x000000fe1ad00000)]
  0x000002e31c91d800 JavaThread "Cache worker for journal cache (C:\Users\DESARROLLO1\.gradle\caches\journal-1)" [_thread_blocked, id=4356, stack(0x000000fe1ad00000,0x000000fe1ae00000)]
  0x000002e31c920000 JavaThread "File watcher server" daemon [_thread_in_native, id=17388, stack(0x000000fe1af00000,0x000000fe1b000000)]
  0x000002e31c91b000 JavaThread "File watcher consumer" daemon [_thread_blocked, id=6832, stack(0x000000fe1b000000,0x000000fe1b100000)]
  0x000002e31c922000 JavaThread "Cache worker for execution history cache (C:\Users\DESARROLLO1\.gradle\caches\7.0.2\executionHistory)" [_thread_blocked, id=14968, stack(0x000000fe1b400000,0x000000fe1b500000)]
  0x000002e31c924800 JavaThread "jar transforms" [_thread_blocked, id=10400, stack(0x000000fe1b500000,0x000000fe1b600000)]
  0x000002e31c928800 JavaThread "jar transforms Thread 2" [_thread_blocked, id=16984, stack(0x000000fe1b600000,0x000000fe1b700000)]
  0x000002e31c929800 JavaThread "Cache worker for file content cache (C:\Users\DESARROLLO1\.gradle\caches\7.0.2\fileContent)" [_thread_blocked, id=9416, stack(0x000000fe1b700000,0x000000fe1b800000)]
  0x000002e31c2e9800 JavaThread "Memory manager" [_thread_blocked, id=9236, stack(0x000000fe1be00000,0x000000fe1bf00000)]
  0x000002e31c2ea000 JavaThread "Daemon Thread 2" [_thread_blocked, id=4872, stack(0x000000fe18d00000,0x000000fe18e00000)]
  0x000002e31c2eb000 JavaThread "Handler for socket connection from /127.0.0.1:60033 to /127.0.0.1:60171" [_thread_in_native, id=13648, stack(0x000000fe18e00000,0x000000fe18f00000)]
  0x000002e31c2e5800 JavaThread "Cancel handler" [_thread_blocked, id=692, stack(0x000000fe1a300000,0x000000fe1a400000)]
  0x000002e31c2e6000 JavaThread "Daemon worker Thread 2" [_thread_in_vm, id=10840, stack(0x000000fe1a400000,0x000000fe1a500000)]
  0x000002e31c2e8800 JavaThread "Asynchronous log dispatcher for DefaultDaemonConnection: socket connection from /127.0.0.1:60033 to /127.0.0.1:60171" [_thread_blocked, id=6180, stack(0x000000fe1a600000,0x000000fe1a700000)]
  0x000002e31c2ec000 JavaThread "Stdin handler" [_thread_blocked, id=1620, stack(0x000000fe1a700000,0x000000fe1a800000)]
  0x000002e31c2ec800 JavaThread "Daemon client event forwarder" [_thread_blocked, id=15892, stack(0x000000fe1a800000,0x000000fe1a900000)]
  0x000002e31c2e7000 JavaThread "Cache worker for file hash cache (C:\Users\DESARROLLO1\AndroidStudioProjects\soms\.gradle\7.0.2\fileHashes)" [_thread_blocked, id=8800, stack(0x000000fe1a900000,0x000000fe1aa00000)]
  0x000002e31c2e7800 JavaThread "Cache worker for checksums cache (C:\Users\DESARROLLO1\AndroidStudioProjects\soms\.gradle\checksums)" [_thread_blocked, id=16096, stack(0x000000fe1aa00000,0x000000fe1ab00000)]
  0x000002e31c2f1800 JavaThread "Cache worker for cache directory md-supplier (C:\Users\DESARROLLO1\.gradle\caches\7.0.2\md-supplier)" [_thread_blocked, id=5600, stack(0x000000fe1ae00000,0x000000fe1af00000)]
  0x000002e31c2f4000 JavaThread "Cache worker for cache directory md-rule (C:\Users\DESARROLLO1\.gradle\caches\7.0.2\md-rule)" [_thread_blocked, id=284, stack(0x000000fe1b100000,0x000000fe1b200000)]
  0x000002e31c2ee800 JavaThread "Cache worker for dependencies-accessors (C:\Users\DESARROLLO1\AndroidStudioProjects\soms\.gradle\7.0.2\dependencies-accessors)" [_thread_blocked, id=14288, stack(0x000000fe1b200000,0x000000fe1b300000)]
  0x000002e31c2ef000 JavaThread "Cache worker for Build Output Cleanup Cache (C:\Users\DESARROLLO1\AndroidStudioProjects\soms\.gradle\buildOutputCleanup)" [_thread_blocked, id=15136, stack(0x000000fe1b300000,0x000000fe1b400000)]
  0x000002e31c2f0000 JavaThread "Build operations" [_thread_blocked, id=9252, stack(0x000000fe1b800000,0x000000fe1b900000)]
  0x000002e31c2f2800 JavaThread "Build operations Thread 2" [_thread_blocked, id=13084, stack(0x000000fe1b900000,0x000000fe1ba00000)]

Other Threads:
  0x000002e319e96000 VMThread "VM Thread" [stack: 0x000000fe19500000,0x000000fe19600000] [id=11856]
  0x000002e31a88e000 WatcherThread [stack: 0x000000fe19f00000,0x000000fe1a000000] [id=14184]
  0x000002e37e8c5000 GCTaskThread "GC Thread#0" [stack: 0x000000fe19000000,0x000000fe19100000] [id=4372]
  0x000002e31a953800 GCTaskThread "GC Thread#1" [stack: 0x000000fe1a000000,0x000000fe1a100000] [id=16448]
  0x000002e37e8f4800 ConcurrentGCThread "G1 Main Marker" [stack: 0x000000fe19100000,0x000000fe19200000] [id=6260]
  0x000002e37e8f7000 ConcurrentGCThread "G1 Conc#0" [stack: 0x000000fe19200000,0x000000fe19300000] [id=8364]
  0x000002e37e98e000 ConcurrentGCThread "G1 Refine#0" [stack: 0x000000fe19300000,0x000000fe19400000] [id=12712]
  0x000002e319ce6800 ConcurrentGCThread "G1 Young RemSet Sampling" [stack: 0x000000fe19400000,0x000000fe19500000] [id=4580]

Threads with active compile tasks:
C2 CompilerThread01207721 12014       4       org.gradle.internal.instantiation.generator.AbstractClassGenerator$PropertyMetadata::hasAnnotation (40 bytes)
C1 CompilerThread01207721 12155       2       org.apache.groovy.parser.antlr4.GroovyParser$PrimaryContext::<init> (7 bytes)

VM state:synchronizing (normal execution)

VM Mutex/Monitor currently owned by a thread:  ([mutex/lock_event])
[0x000002e37e8a8530] Threads_lock - owner thread: 0x000002e319e96000

Heap address: 0x0000000080000000, size: 2048 MB, Compressed Oops mode: 32-bit
Narrow klass base: 0x0000000000000000, Narrow klass shift: 3
Compressed class space size: 1073741824 Address: 0x0000000100000000

Heap:
 garbage-first heap   total 280576K, used 173568K [0x0000000080000000, 0x0000000100000000)
  region size 1024K, 84 young (86016K), 13 survivors (13312K)
 Metaspace       used 93514K, capacity 96137K, committed 96512K, reserved 1132544K
  class space    used 11998K, capacity 12934K, committed 13056K, reserved 1048576K
Heap Regions: E=young(eden), S=young(survivor), O=old, HS=humongous(starts), HC=humongous(continues), CS=collection set, F=free, A=archive, TAMS=top-at-mark-start (previous, next)
|   0|0x0000000080000000, 0x0000000080100000, 0x0000000080100000|100%|HS|  |TAMS 0x0000000080100000, 0x0000000080000000| Complete 
|   1|0x0000000080100000, 0x0000000080200000, 0x0000000080200000|100%|HC|  |TAMS 0x0000000080200000, 0x0000000080100000| Complete 
|   2|0x0000000080200000, 0x0000000080300000, 0x0000000080300000|100%|HC|  |TAMS 0x0000000080300000, 0x0000000080200000| Complete 
|   3|0x0000000080300000, 0x0000000080400000, 0x0000000080400000|100%| O|  |TAMS 0x0000000080400000, 0x0000000080300000| Untracked 
|   4|0x0000000080400000, 0x0000000080500000, 0x0000000080500000|100%| O|  |TAMS 0x0000000080500000, 0x0000000080400000| Untracked 
|   5|0x0000000080500000, 0x0000000080600000, 0x0000000080600000|100%| O|  |TAMS 0x0000000080600000, 0x0000000080500000| Untracked 
|   6|0x0000000080600000, 0x0000000080700000, 0x0000000080700000|100%| O|  |TAMS 0x0000000080700000, 0x0000000080600000| Untracked 
|   7|0x0000000080700000, 0x0000000080800000, 0x0000000080800000|100%| O|  |TAMS 0x0000000080800000, 0x0000000080700000| Untracked 
|   8|0x0000000080800000, 0x0000000080900000, 0x0000000080900000|100%| O|  |TAMS 0x0000000080900000, 0x0000000080800000| Untracked 
|   9|0x0000000080900000, 0x0000000080a00000, 0x0000000080a00000|100%| O|  |TAMS 0x0000000080a00000, 0x0000000080900000| Untracked 
|  10|0x0000000080a00000, 0x0000000080b00000, 0x0000000080b00000|100%| O|  |TAMS 0x0000000080b00000, 0x0000000080a00000| Untracked 
|  11|0x0000000080b00000, 0x0000000080c00000, 0x0000000080c00000|100%| O|  |TAMS 0x0000000080c00000, 0x0000000080b00000| Untracked 
|  12|0x0000000080c00000, 0x0000000080d00000, 0x0000000080d00000|100%| O|  |TAMS 0x0000000080d00000, 0x0000000080c00000| Untracked 
|  13|0x0000000080d00000, 0x0000000080e00000, 0x0000000080e00000|100%| O|  |TAMS 0x0000000080e00000, 0x0000000080d00000| Untracked 
|  14|0x0000000080e00000, 0x0000000080f00000, 0x0000000080f00000|100%| O|  |TAMS 0x0000000080f00000, 0x0000000080e00000| Untracked 
|  15|0x0000000080f00000, 0x0000000081000000, 0x0000000081000000|100%| O|  |TAMS 0x0000000081000000, 0x0000000080f00000| Untracked 
|  16|0x0000000081000000, 0x0000000081100000, 0x0000000081100000|100%| O|  |TAMS 0x0000000081100000, 0x0000000081000000| Untracked 
|  17|0x0000000081100000, 0x0000000081200000, 0x0000000081200000|100%| O|  |TAMS 0x0000000081200000, 0x0000000081100000| Untracked 
|  18|0x0000000081200000, 0x0000000081300000, 0x0000000081300000|100%|HS|  |TAMS 0x0000000081300000, 0x0000000081200000| Complete 
|  19|0x0000000081300000, 0x0000000081400000, 0x0000000081400000|100%|HS|  |TAMS 0x0000000081400000, 0x0000000081300000| Complete 
|  20|0x0000000081400000, 0x0000000081500000, 0x0000000081500000|100%| O|  |TAMS 0x0000000081500000, 0x0000000081400000| Untracked 
|  21|0x0000000081500000, 0x0000000081600000, 0x0000000081600000|100%| O|  |TAMS 0x0000000081600000, 0x0000000081500000| Untracked 
|  22|0x0000000081600000, 0x0000000081700000, 0x0000000081700000|100%|HS|  |TAMS 0x0000000081700000, 0x0000000081600000| Complete 
|  23|0x0000000081700000, 0x0000000081800000, 0x0000000081800000|100%|HS|  |TAMS 0x0000000081800000, 0x0000000081700000| Complete 
|  24|0x0000000081800000, 0x0000000081900000, 0x0000000081900000|100%|HC|  |TAMS 0x0000000081900000, 0x0000000081800000| Complete 
|  25|0x0000000081900000, 0x0000000081a00000, 0x0000000081a00000|100%|HC|  |TAMS 0x0000000081a00000, 0x0000000081900000| Complete 
|  26|0x0000000081a00000, 0x0000000081b00000, 0x0000000081b00000|100%|HS|  |TAMS 0x0000000081b00000, 0x0000000081a00000| Complete 
|  27|0x0000000081b00000, 0x0000000081c00000, 0x0000000081c00000|100%|HC|  |TAMS 0x0000000081c00000, 0x0000000081b00000| Complete 
|  28|0x0000000081c00000, 0x0000000081d00000, 0x0000000081d00000|100%| O|  |TAMS 0x0000000081d00000, 0x0000000081c00000| Untracked 
|  29|0x0000000081d00000, 0x0000000081e00000, 0x0000000081e00000|100%| O|  |TAMS 0x0000000081e00000, 0x0000000081d00000| Untracked 
|  30|0x0000000081e00000, 0x0000000081f00000, 0x0000000081f00000|100%| O|  |TAMS 0x0000000081f00000, 0x0000000081e00000| Untracked 
|  31|0x0000000081f00000, 0x0000000082000000, 0x0000000082000000|100%| O|  |TAMS 0x0000000082000000, 0x0000000081f00000| Untracked 
|  32|0x0000000082000000, 0x0000000082100000, 0x0000000082100000|100%| O|  |TAMS 0x0000000082100000, 0x0000000082000000| Untracked 
|  33|0x0000000082100000, 0x0000000082200000, 0x0000000082200000|100%| O|  |TAMS 0x0000000082200000, 0x0000000082100000| Untracked 
|  34|0x0000000082200000, 0x0000000082300000, 0x0000000082300000|100%| O|  |TAMS 0x0000000082300000, 0x0000000082200000| Untracked 
|  35|0x0000000082300000, 0x0000000082400000, 0x0000000082400000|100%| O|  |TAMS 0x0000000082400000, 0x0000000082300000| Untracked 
|  36|0x0000000082400000, 0x0000000082500000, 0x0000000082500000|100%| O|  |TAMS 0x0000000082500000, 0x0000000082400000| Untracked 
|  37|0x0000000082500000, 0x0000000082600000, 0x0000000082600000|100%| O|  |TAMS 0x0000000082600000, 0x0000000082500000| Untracked 
|  38|0x0000000082600000, 0x0000000082700000, 0x0000000082700000|100%| O|  |TAMS 0x0000000082700000, 0x0000000082600000| Untracked 
|  39|0x0000000082700000, 0x0000000082800000, 0x0000000082800000|100%| O|  |TAMS 0x0000000082800000, 0x0000000082700000| Untracked 
|  40|0x0000000082800000, 0x0000000082900000, 0x0000000082900000|100%| O|  |TAMS 0x0000000082900000, 0x0000000082800000| Untracked 
|  41|0x0000000082900000, 0x0000000082a00000, 0x0000000082a00000|100%| O|  |TAMS 0x0000000082a00000, 0x0000000082900000| Untracked 
|  42|0x0000000082a00000, 0x0000000082b00000, 0x0000000082b00000|100%| O|  |TAMS 0x0000000082b00000, 0x0000000082a00000| Untracked 
|  43|0x0000000082b00000, 0x0000000082c00000, 0x0000000082c00000|100%| O|  |TAMS 0x0000000082c00000, 0x0000000082b00000| Untracked 
|  44|0x0000000082c00000, 0x0000000082d00000, 0x0000000082d00000|100%| O|  |TAMS 0x0000000082d00000, 0x0000000082c00000| Untracked 
|  45|0x0000000082d00000, 0x0000000082e00000, 0x0000000082e00000|100%| O|  |TAMS 0x0000000082da1c00, 0x0000000082d00000| Untracked 
|  46|0x0000000082e00000, 0x0000000082f00000, 0x0000000082f00000|100%| O|  |TAMS 0x0000000082e00000, 0x0000000082e00000| Untracked 
|  47|0x0000000082f00000, 0x0000000083000000, 0x0000000083000000|100%| O|  |TAMS 0x0000000082f00000, 0x0000000082f00000| Untracked 
|  48|0x0000000083000000, 0x0000000083100000, 0x0000000083100000|100%| O|  |TAMS 0x0000000083000000, 0x0000000083000000| Untracked 
|  49|0x0000000083100000, 0x0000000083200000, 0x0000000083200000|100%| O|  |TAMS 0x0000000083100000, 0x0000000083100000| Untracked 
|  50|0x0000000083200000, 0x0000000083300000, 0x0000000083300000|100%| O|  |TAMS 0x0000000083200000, 0x0000000083200000| Untracked 
|  51|0x0000000083300000, 0x0000000083400000, 0x0000000083400000|100%| O|  |TAMS 0x0000000083300000, 0x0000000083300000| Untracked 
|  52|0x0000000083400000, 0x0000000083500000, 0x0000000083500000|100%| O|  |TAMS 0x0000000083400000, 0x0000000083400000| Untracked 
|  53|0x0000000083500000, 0x0000000083600000, 0x0000000083600000|100%| O|  |TAMS 0x0000000083500000, 0x0000000083500000| Untracked 
|  54|0x0000000083600000, 0x0000000083700000, 0x0000000083700000|100%| O|  |TAMS 0x0000000083600000, 0x0000000083600000| Untracked 
|  55|0x0000000083700000, 0x0000000083800000, 0x0000000083800000|100%| O|  |TAMS 0x0000000083700000, 0x0000000083700000| Untracked 
|  56|0x0000000083800000, 0x0000000083900000, 0x0000000083900000|100%| O|  |TAMS 0x0000000083800000, 0x0000000083800000| Untracked 
|  57|0x0000000083900000, 0x0000000083a00000, 0x0000000083a00000|100%|HS|  |TAMS 0x0000000083900000, 0x0000000083900000| Complete 
|  58|0x0000000083a00000, 0x0000000083b00000, 0x0000000083b00000|100%|HC|  |TAMS 0x0000000083a00000, 0x0000000083a00000| Complete 
|  59|0x0000000083b00000, 0x0000000083c00000, 0x0000000083c00000|100%|HS|  |TAMS 0x0000000083b00000, 0x0000000083b00000| Complete 
|  60|0x0000000083c00000, 0x0000000083d00000, 0x0000000083d00000|100%|HC|  |TAMS 0x0000000083c00000, 0x0000000083c00000| Complete 
|  61|0x0000000083d00000, 0x0000000083e00000, 0x0000000083e00000|100%|HC|  |TAMS 0x0000000083d00000, 0x0000000083d00000| Complete 
|  62|0x0000000083e00000, 0x0000000083f00000, 0x0000000083f00000|100%|HS|  |TAMS 0x0000000083e00000, 0x0000000083e00000| Complete 
|  63|0x0000000083f00000, 0x0000000084000000, 0x0000000084000000|100%|HC|  |TAMS 0x0000000083f00000, 0x0000000083f00000| Complete 
|  64|0x0000000084000000, 0x0000000084100000, 0x0000000084100000|100%|HC|  |TAMS 0x0000000084000000, 0x0000000084000000| Complete 
|  65|0x0000000084100000, 0x0000000084200000, 0x0000000084200000|100%|HC|  |TAMS 0x0000000084100000, 0x0000000084100000| Complete 
|  66|0x0000000084200000, 0x0000000084300000, 0x0000000084300000|100%|HC|  |TAMS 0x0000000084200000, 0x0000000084200000| Complete 
|  67|0x0000000084300000, 0x0000000084400000, 0x0000000084400000|100%|HS|  |TAMS 0x0000000084300000, 0x0000000084300000| Complete 
|  68|0x0000000084400000, 0x0000000084500000, 0x0000000084500000|100%|HC|  |TAMS 0x0000000084400000, 0x0000000084400000| Complete 
|  69|0x0000000084500000, 0x0000000084600000, 0x0000000084600000|100%|HC|  |TAMS 0x0000000084500000, 0x0000000084500000| Complete 
|  70|0x0000000084600000, 0x0000000084700000, 0x0000000084700000|100%|HC|  |TAMS 0x0000000084600000, 0x0000000084600000| Complete 
|  71|0x0000000084700000, 0x0000000084800000, 0x0000000084800000|100%|HC|  |TAMS 0x0000000084700000, 0x0000000084700000| Complete 
|  72|0x0000000084800000, 0x0000000084900000, 0x0000000084900000|100%| O|  |TAMS 0x0000000084800000, 0x0000000084800000| Untracked 
|  73|0x0000000084900000, 0x0000000084a00000, 0x0000000084a00000|100%| O|  |TAMS 0x0000000084900000, 0x0000000084900000| Untracked 
|  74|0x0000000084a00000, 0x0000000084b00000, 0x0000000084b00000|100%| O|  |TAMS 0x0000000084a00000, 0x0000000084a00000| Untracked 
|  75|0x0000000084b00000, 0x0000000084c00000, 0x0000000084c00000|100%| O|  |TAMS 0x0000000084b00000, 0x0000000084b00000| Untracked 
|  76|0x0000000084c00000, 0x0000000084d00000, 0x0000000084d00000|100%| O|  |TAMS 0x0000000084c00000, 0x0000000084c00000| Untracked 
|  77|0x0000000084d00000, 0x0000000084e00000, 0x0000000084e00000|100%| O|  |TAMS 0x0000000084d00000, 0x0000000084d00000| Untracked 
|  78|0x0000000084e00000, 0x0000000084f00000, 0x0000000084f00000|100%|HS|  |TAMS 0x0000000084e00000, 0x0000000084e00000| Complete 
|  79|0x0000000084f00000, 0x0000000085000000, 0x0000000085000000|100%|HC|  |TAMS 0x0000000084f00000, 0x0000000084f00000| Complete 
|  80|0x0000000085000000, 0x0000000085100000, 0x0000000085100000|100%|HC|  |TAMS 0x0000000085000000, 0x0000000085000000| Complete 
|  81|0x0000000085100000, 0x0000000085200000, 0x0000000085200000|100%| O|  |TAMS 0x0000000085100000, 0x0000000085100000| Untracked 
|  82|0x0000000085200000, 0x0000000085300000, 0x0000000085300000|100%| O|  |TAMS 0x0000000085200000, 0x0000000085200000| Untracked 
|  83|0x0000000085300000, 0x0000000085400000, 0x0000000085400000|100%| O|  |TAMS 0x0000000085300000, 0x0000000085300000| Untracked 
|  84|0x0000000085400000, 0x0000000085500000, 0x0000000085500000|100%| O|  |TAMS 0x0000000085400000, 0x0000000085400000| Untracked 
|  85|0x0000000085500000, 0x0000000085600000, 0x0000000085600000|100%| O|  |TAMS 0x0000000085500000, 0x0000000085500000| Untracked 
|  86|0x0000000085600000, 0x0000000085700000, 0x0000000085700000|100%| O|  |TAMS 0x0000000085600000, 0x0000000085600000| Untracked 
|  87|0x0000000085700000, 0x0000000085800000, 0x0000000085800000|100%| O|  |TAMS 0x0000000085700000, 0x0000000085700000| Untracked 
|  88|0x0000000085800000, 0x0000000085800000, 0x0000000085900000|  0%| F|  |TAMS 0x0000000085800000, 0x0000000085800000| Untracked 
|  89|0x0000000085900000, 0x0000000085900000, 0x0000000085a00000|  0%| F|  |TAMS 0x0000000085900000, 0x0000000085900000| Untracked 
|  90|0x0000000085a00000, 0x0000000085a00000, 0x0000000085b00000|  0%| F|  |TAMS 0x0000000085a00000, 0x0000000085a00000| Untracked 
|  91|0x0000000085b00000, 0x0000000085b00000, 0x0000000085c00000|  0%| F|  |TAMS 0x0000000085b00000, 0x0000000085b00000| Untracked 
|  92|0x0000000085c00000, 0x0000000085c00000, 0x0000000085d00000|  0%| F|  |TAMS 0x0000000085c00000, 0x0000000085c00000| Untracked 
|  93|0x0000000085d00000, 0x0000000085d00000, 0x0000000085e00000|  0%| F|  |TAMS 0x0000000085d00000, 0x0000000085d00000| Untracked 
|  94|0x0000000085e00000, 0x0000000085e00000, 0x0000000085f00000|  0%| F|  |TAMS 0x0000000085e00000, 0x0000000085e00000| Untracked 
|  95|0x0000000085f00000, 0x0000000085f00000, 0x0000000086000000|  0%| F|  |TAMS 0x0000000085f00000, 0x0000000085f00000| Untracked 
|  96|0x0000000086000000, 0x0000000086000000, 0x0000000086100000|  0%| F|  |TAMS 0x0000000086000000, 0x0000000086000000| Untracked 
|  97|0x0000000086100000, 0x0000000086100000, 0x0000000086200000|  0%| F|  |TAMS 0x0000000086100000, 0x0000000086100000| Untracked 
|  98|0x0000000086200000, 0x0000000086200000, 0x0000000086300000|  0%| F|  |TAMS 0x0000000086200000, 0x0000000086200000| Untracked 
|  99|0x0000000086300000, 0x0000000086300000, 0x0000000086400000|  0%| F|  |TAMS 0x0000000086300000, 0x0000000086300000| Untracked 
| 100|0x0000000086400000, 0x0000000086400000, 0x0000000086500000|  0%| F|  |TAMS 0x0000000086400000, 0x0000000086400000| Untracked 
| 101|0x0000000086500000, 0x0000000086500000, 0x0000000086600000|  0%| F|  |TAMS 0x0000000086500000, 0x0000000086500000| Untracked 
| 102|0x0000000086600000, 0x0000000086600000, 0x0000000086700000|  0%| F|  |TAMS 0x0000000086600000, 0x0000000086600000| Untracked 
| 103|0x0000000086700000, 0x0000000086700000, 0x0000000086800000|  0%| F|  |TAMS 0x0000000086700000, 0x0000000086700000| Untracked 
| 104|0x0000000086800000, 0x0000000086800000, 0x0000000086900000|  0%| F|  |TAMS 0x0000000086800000, 0x0000000086800000| Untracked 
| 105|0x0000000086900000, 0x0000000086900000, 0x0000000086a00000|  0%| F|  |TAMS 0x0000000086900000, 0x0000000086900000| Untracked 
| 106|0x0000000086a00000, 0x0000000086a00000, 0x0000000086b00000|  0%| F|  |TAMS 0x0000000086a00000, 0x0000000086a00000| Untracked 
| 107|0x0000000086b00000, 0x0000000086b00000, 0x0000000086c00000|  0%| F|  |TAMS 0x0000000086b00000, 0x0000000086b00000| Untracked 
| 108|0x0000000086c00000, 0x0000000086c00000, 0x0000000086d00000|  0%| F|  |TAMS 0x0000000086c00000, 0x0000000086c00000| Untracked 
| 109|0x0000000086d00000, 0x0000000086d00000, 0x0000000086e00000|  0%| F|  |TAMS 0x0000000086d00000, 0x0000000086d00000| Untracked 
| 110|0x0000000086e00000, 0x0000000086e00000, 0x0000000086f00000|  0%| F|  |TAMS 0x0000000086e00000, 0x0000000086e00000| Untracked 
| 111|0x0000000086f00000, 0x0000000086f00000, 0x0000000087000000|  0%| F|  |TAMS 0x0000000086f00000, 0x0000000086f00000| Untracked 
| 112|0x0000000087000000, 0x0000000087000000, 0x0000000087100000|  0%| F|  |TAMS 0x0000000087000000, 0x0000000087000000| Untracked 
| 113|0x0000000087100000, 0x0000000087100000, 0x0000000087200000|  0%| F|  |TAMS 0x0000000087100000, 0x0000000087100000| Untracked 
| 114|0x0000000087200000, 0x0000000087200000, 0x0000000087300000|  0%| F|  |TAMS 0x0000000087200000, 0x0000000087200000| Untracked 
| 115|0x0000000087300000, 0x0000000087300000, 0x0000000087400000|  0%| F|  |TAMS 0x0000000087300000, 0x0000000087300000| Untracked 
| 116|0x0000000087400000, 0x0000000087400000, 0x0000000087500000|  0%| F|  |TAMS 0x0000000087400000, 0x0000000087400000| Untracked 
| 117|0x0000000087500000, 0x0000000087500000, 0x0000000087600000|  0%| F|  |TAMS 0x0000000087500000, 0x0000000087500000| Untracked 
| 118|0x0000000087600000, 0x0000000087600000, 0x0000000087700000|  0%| F|  |TAMS 0x0000000087600000, 0x0000000087600000| Untracked 
| 119|0x0000000087700000, 0x0000000087700000, 0x0000000087800000|  0%| F|  |TAMS 0x0000000087700000, 0x0000000087700000| Untracked 
| 120|0x0000000087800000, 0x0000000087800000, 0x0000000087900000|  0%| F|  |TAMS 0x0000000087800000, 0x0000000087800000| Untracked 
| 121|0x0000000087900000, 0x0000000087900000, 0x0000000087a00000|  0%| F|  |TAMS 0x0000000087900000, 0x0000000087900000| Untracked 
| 122|0x0000000087a00000, 0x0000000087a00000, 0x0000000087b00000|  0%| F|  |TAMS 0x0000000087a00000, 0x0000000087a00000| Untracked 
| 123|0x0000000087b00000, 0x0000000087b00000, 0x0000000087c00000|  0%| F|  |TAMS 0x0000000087b00000, 0x0000000087b00000| Untracked 
| 124|0x0000000087c00000, 0x0000000087c00000, 0x0000000087d00000|  0%| F|  |TAMS 0x0000000087c00000, 0x0000000087c00000| Untracked 
| 125|0x0000000087d00000, 0x0000000087d00000, 0x0000000087e00000|  0%| F|  |TAMS 0x0000000087d00000, 0x0000000087d00000| Untracked 
| 126|0x0000000087e00000, 0x0000000087e00000, 0x0000000087f00000|  0%| F|  |TAMS 0x0000000087e00000, 0x0000000087e00000| Untracked 
| 127|0x0000000087f00000, 0x0000000087f00000, 0x0000000088000000|  0%| F|  |TAMS 0x0000000087f00000, 0x0000000087f00000| Untracked 
| 128|0x0000000088000000, 0x0000000088000000, 0x0000000088100000|  0%| F|  |TAMS 0x0000000088000000, 0x0000000088000000| Untracked 
| 129|0x0000000088100000, 0x0000000088100000, 0x0000000088200000|  0%| F|  |TAMS 0x0000000088100000, 0x0000000088100000| Untracked 
| 130|0x0000000088200000, 0x0000000088200000, 0x0000000088300000|  0%| F|  |TAMS 0x0000000088200000, 0x0000000088200000| Untracked 
| 131|0x0000000088300000, 0x0000000088300000, 0x0000000088400000|  0%| F|  |TAMS 0x0000000088300000, 0x0000000088300000| Untracked 
| 132|0x0000000088400000, 0x0000000088400000, 0x0000000088500000|  0%| F|  |TAMS 0x0000000088400000, 0x0000000088400000| Untracked 
| 133|0x0000000088500000, 0x0000000088500000, 0x0000000088600000|  0%| F|  |TAMS 0x0000000088500000, 0x0000000088500000| Untracked 
| 134|0x0000000088600000, 0x0000000088600000, 0x0000000088700000|  0%| F|  |TAMS 0x0000000088600000, 0x0000000088600000| Untracked 
| 135|0x0000000088700000, 0x0000000088700000, 0x0000000088800000|  0%| F|  |TAMS 0x0000000088700000, 0x0000000088700000| Untracked 
| 136|0x0000000088800000, 0x0000000088800000, 0x0000000088900000|  0%| F|  |TAMS 0x0000000088800000, 0x0000000088800000| Untracked 
| 137|0x0000000088900000, 0x0000000088900000, 0x0000000088a00000|  0%| F|  |TAMS 0x0000000088900000, 0x0000000088900000| Untracked 
| 138|0x0000000088a00000, 0x0000000088a00000, 0x0000000088b00000|  0%| F|  |TAMS 0x0000000088a00000, 0x0000000088a00000| Untracked 
| 139|0x0000000088b00000, 0x0000000088b00000, 0x0000000088c00000|  0%| F|  |TAMS 0x0000000088b00000, 0x0000000088b00000| Untracked 
| 140|0x0000000088c00000, 0x0000000088c00000, 0x0000000088d00000|  0%| F|  |TAMS 0x0000000088c00000, 0x0000000088c00000| Untracked 
| 141|0x0000000088d00000, 0x0000000088d00000, 0x0000000088e00000|  0%| F|  |TAMS 0x0000000088d00000, 0x0000000088d00000| Untracked 
| 142|0x0000000088e00000, 0x0000000088e00000, 0x0000000088f00000|  0%| F|  |TAMS 0x0000000088e00000, 0x0000000088e00000| Untracked 
| 143|0x0000000088f00000, 0x0000000088f00000, 0x0000000089000000|  0%| F|  |TAMS 0x0000000088f00000, 0x0000000088f00000| Untracked 
| 144|0x0000000089000000, 0x0000000089000000, 0x0000000089100000|  0%| F|  |TAMS 0x0000000089000000, 0x0000000089000000| Untracked 
| 145|0x0000000089100000, 0x0000000089100000, 0x0000000089200000|  0%| F|  |TAMS 0x0000000089100000, 0x0000000089100000| Untracked 
| 146|0x0000000089200000, 0x0000000089280000, 0x0000000089300000| 50%| S|CS|TAMS 0x0000000089200000, 0x0000000089200000| Complete 
| 147|0x0000000089300000, 0x0000000089400000, 0x0000000089400000|100%| S|CS|TAMS 0x0000000089300000, 0x0000000089300000| Complete 
| 148|0x0000000089400000, 0x0000000089500000, 0x0000000089500000|100%| S|CS|TAMS 0x0000000089400000, 0x0000000089400000| Complete 
| 149|0x0000000089500000, 0x0000000089600000, 0x0000000089600000|100%| S|CS|TAMS 0x0000000089500000, 0x0000000089500000| Complete 
| 150|0x0000000089600000, 0x0000000089700000, 0x0000000089700000|100%| S|CS|TAMS 0x0000000089600000, 0x0000000089600000| Complete 
| 151|0x0000000089700000, 0x0000000089800000, 0x0000000089800000|100%| S|CS|TAMS 0x0000000089700000, 0x0000000089700000| Complete 
| 152|0x0000000089800000, 0x0000000089900000, 0x0000000089900000|100%| S|CS|TAMS 0x0000000089800000, 0x0000000089800000| Complete 
| 153|0x0000000089900000, 0x0000000089a00000, 0x0000000089a00000|100%| S|CS|TAMS 0x0000000089900000, 0x0000000089900000| Complete 
| 154|0x0000000089a00000, 0x0000000089b00000, 0x0000000089b00000|100%| S|CS|TAMS 0x0000000089a00000, 0x0000000089a00000| Complete 
| 155|0x0000000089b00000, 0x0000000089c00000, 0x0000000089c00000|100%| S|CS|TAMS 0x0000000089b00000, 0x0000000089b00000| Complete 
| 156|0x0000000089c00000, 0x0000000089d00000, 0x0000000089d00000|100%| S|CS|TAMS 0x0000000089c00000, 0x0000000089c00000| Complete 
| 157|0x0000000089d00000, 0x0000000089e00000, 0x0000000089e00000|100%| S|CS|TAMS 0x0000000089d00000, 0x0000000089d00000| Complete 
| 158|0x0000000089e00000, 0x0000000089f00000, 0x0000000089f00000|100%| S|CS|TAMS 0x0000000089e00000, 0x0000000089e00000| Complete 
| 159|0x0000000089f00000, 0x0000000089f00000, 0x000000008a000000|  0%| F|  |TAMS 0x0000000089f00000, 0x0000000089f00000| Untracked 
| 160|0x000000008a000000, 0x000000008a000000, 0x000000008a100000|  0%| F|  |TAMS 0x000000008a000000, 0x000000008a000000| Untracked 
| 161|0x000000008a100000, 0x000000008a100000, 0x000000008a200000|  0%| F|  |TAMS 0x000000008a100000, 0x000000008a100000| Untracked 
| 162|0x000000008a200000, 0x000000008a200000, 0x000000008a300000|  0%| F|  |TAMS 0x000000008a200000, 0x000000008a200000| Untracked 
| 163|0x000000008a300000, 0x000000008a300000, 0x000000008a400000|  0%| F|  |TAMS 0x000000008a300000, 0x000000008a300000| Untracked 
| 164|0x000000008a400000, 0x000000008a400000, 0x000000008a500000|  0%| F|  |TAMS 0x000000008a400000, 0x000000008a400000| Untracked 
| 165|0x000000008a500000, 0x000000008a500000, 0x000000008a600000|  0%| F|  |TAMS 0x000000008a500000, 0x000000008a500000| Untracked 
| 166|0x000000008a600000, 0x000000008a600000, 0x000000008a700000|  0%| F|  |TAMS 0x000000008a600000, 0x000000008a600000| Untracked 
| 167|0x000000008a700000, 0x000000008a700000, 0x000000008a800000|  0%| F|  |TAMS 0x000000008a700000, 0x000000008a700000| Untracked 
| 168|0x000000008a800000, 0x000000008a800000, 0x000000008a900000|  0%| F|  |TAMS 0x000000008a800000, 0x000000008a800000| Untracked 
| 169|0x000000008a900000, 0x000000008a900000, 0x000000008aa00000|  0%| F|  |TAMS 0x000000008a900000, 0x000000008a900000| Untracked 
| 170|0x000000008aa00000, 0x000000008aa00000, 0x000000008ab00000|  0%| F|  |TAMS 0x000000008aa00000, 0x000000008aa00000| Untracked 
| 171|0x000000008ab00000, 0x000000008ab00000, 0x000000008ac00000|  0%| F|  |TAMS 0x000000008ab00000, 0x000000008ab00000| Untracked 
| 172|0x000000008ac00000, 0x000000008ac00000, 0x000000008ad00000|  0%| F|  |TAMS 0x000000008ac00000, 0x000000008ac00000| Untracked 
| 173|0x000000008ad00000, 0x000000008ad00000, 0x000000008ae00000|  0%| F|  |TAMS 0x000000008ad00000, 0x000000008ad00000| Untracked 
| 174|0x000000008ae00000, 0x000000008ae00000, 0x000000008af00000|  0%| F|  |TAMS 0x000000008ae00000, 0x000000008ae00000| Untracked 
| 175|0x000000008af00000, 0x000000008af00000, 0x000000008b000000|  0%| F|  |TAMS 0x000000008af00000, 0x000000008af00000| Untracked 
| 176|0x000000008b000000, 0x000000008b000000, 0x000000008b100000|  0%| F|  |TAMS 0x000000008b000000, 0x000000008b000000| Untracked 
| 177|0x000000008b100000, 0x000000008b100000, 0x000000008b200000|  0%| F|  |TAMS 0x000000008b100000, 0x000000008b100000| Untracked 
| 178|0x000000008b200000, 0x000000008b200000, 0x000000008b300000|  0%| F|  |TAMS 0x000000008b200000, 0x000000008b200000| Untracked 
| 179|0x000000008b300000, 0x000000008b300000, 0x000000008b400000|  0%| F|  |TAMS 0x000000008b300000, 0x000000008b300000| Untracked 
| 180|0x000000008b400000, 0x000000008b400000, 0x000000008b500000|  0%| F|  |TAMS 0x000000008b400000, 0x000000008b400000| Untracked 
| 181|0x000000008b500000, 0x000000008b500000, 0x000000008b600000|  0%| F|  |TAMS 0x000000008b500000, 0x000000008b500000| Untracked 
| 182|0x000000008b600000, 0x000000008b600000, 0x000000008b700000|  0%| F|  |TAMS 0x000000008b600000, 0x000000008b600000| Untracked 
| 183|0x000000008b700000, 0x000000008b700000, 0x000000008b800000|  0%| F|  |TAMS 0x000000008b700000, 0x000000008b700000| Untracked 
| 184|0x000000008b800000, 0x000000008b800000, 0x000000008b900000|  0%| F|  |TAMS 0x000000008b800000, 0x000000008b800000| Untracked 
| 185|0x000000008b900000, 0x000000008b900000, 0x000000008ba00000|  0%| F|  |TAMS 0x000000008b900000, 0x000000008b900000| Untracked 
| 186|0x000000008ba00000, 0x000000008ba00000, 0x000000008bb00000|  0%| F|  |TAMS 0x000000008ba00000, 0x000000008ba00000| Untracked 
| 187|0x000000008bb00000, 0x000000008bb00000, 0x000000008bc00000|  0%| F|  |TAMS 0x000000008bb00000, 0x000000008bb00000| Untracked 
| 188|0x000000008bc00000, 0x000000008bc00000, 0x000000008bd00000|  0%| F|  |TAMS 0x000000008bc00000, 0x000000008bc00000| Untracked 
| 189|0x000000008bd00000, 0x000000008bd00000, 0x000000008be00000|  0%| F|  |TAMS 0x000000008bd00000, 0x000000008bd00000| Untracked 
| 190|0x000000008be00000, 0x000000008be00000, 0x000000008bf00000|  0%| F|  |TAMS 0x000000008be00000, 0x000000008be00000| Untracked 
| 191|0x000000008bf00000, 0x000000008bf00000, 0x000000008c000000|  0%| F|  |TAMS 0x000000008bf00000, 0x000000008bf00000| Untracked 
| 192|0x000000008c000000, 0x000000008c000000, 0x000000008c100000|  0%| F|  |TAMS 0x000000008c000000, 0x000000008c000000| Untracked 
| 193|0x000000008c100000, 0x000000008c100000, 0x000000008c200000|  0%| F|  |TAMS 0x000000008c100000, 0x000000008c100000| Untracked 
| 194|0x000000008c200000, 0x000000008c200000, 0x000000008c300000|  0%| F|  |TAMS 0x000000008c200000, 0x000000008c200000| Untracked 
| 195|0x000000008c300000, 0x000000008c300000, 0x000000008c400000|  0%| F|  |TAMS 0x000000008c300000, 0x000000008c300000| Untracked 
| 196|0x000000008c400000, 0x000000008c400000, 0x000000008c500000|  0%| F|  |TAMS 0x000000008c400000, 0x000000008c400000| Untracked 
| 197|0x000000008c500000, 0x000000008c500000, 0x000000008c600000|  0%| F|  |TAMS 0x000000008c500000, 0x000000008c500000| Untracked 
| 198|0x000000008c600000, 0x000000008c600000, 0x000000008c700000|  0%| F|  |TAMS 0x000000008c600000, 0x000000008c600000| Untracked 
| 199|0x000000008c700000, 0x000000008c700000, 0x000000008c800000|  0%| F|  |TAMS 0x000000008c700000, 0x000000008c700000| Untracked 
| 200|0x000000008c800000, 0x000000008c800000, 0x000000008c900000|  0%| F|  |TAMS 0x000000008c800000, 0x000000008c800000| Untracked 
| 201|0x000000008c900000, 0x000000008c900000, 0x000000008ca00000|  0%| F|  |TAMS 0x000000008c900000, 0x000000008c900000| Untracked 
| 202|0x000000008ca00000, 0x000000008ca00000, 0x000000008cb00000|  0%| F|  |TAMS 0x000000008ca00000, 0x000000008ca00000| Untracked 
| 203|0x000000008cb00000, 0x000000008cb9bd40, 0x000000008cc00000| 60%| E|  |TAMS 0x000000008cb00000, 0x000000008cb00000| Complete 
| 204|0x000000008cc00000, 0x000000008cd00000, 0x000000008cd00000|100%| E|CS|TAMS 0x000000008cc00000, 0x000000008cc00000| Complete 
| 205|0x000000008cd00000, 0x000000008ce00000, 0x000000008ce00000|100%| E|CS|TAMS 0x000000008cd00000, 0x000000008cd00000| Complete 
| 206|0x000000008ce00000, 0x000000008cf00000, 0x000000008cf00000|100%| E|CS|TAMS 0x000000008ce00000, 0x000000008ce00000| Complete 
| 207|0x000000008cf00000, 0x000000008d000000, 0x000000008d000000|100%| E|CS|TAMS 0x000000008cf00000, 0x000000008cf00000| Complete 
| 208|0x000000008d000000, 0x000000008d100000, 0x000000008d100000|100%| E|CS|TAMS 0x000000008d000000, 0x000000008d000000| Complete 
| 209|0x000000008d100000, 0x000000008d200000, 0x000000008d200000|100%| E|CS|TAMS 0x000000008d100000, 0x000000008d100000| Complete 
| 210|0x000000008d200000, 0x000000008d300000, 0x000000008d300000|100%| E|CS|TAMS 0x000000008d200000, 0x000000008d200000| Complete 
| 211|0x000000008d300000, 0x000000008d400000, 0x000000008d400000|100%| E|CS|TAMS 0x000000008d300000, 0x000000008d300000| Complete 
| 212|0x000000008d400000, 0x000000008d500000, 0x000000008d500000|100%| E|CS|TAMS 0x000000008d400000, 0x000000008d400000| Complete 
| 213|0x000000008d500000, 0x000000008d600000, 0x000000008d600000|100%| E|CS|TAMS 0x000000008d500000, 0x000000008d500000| Complete 
| 214|0x000000008d600000, 0x000000008d700000, 0x000000008d700000|100%| E|CS|TAMS 0x000000008d600000, 0x000000008d600000| Complete 
| 215|0x000000008d700000, 0x000000008d800000, 0x000000008d800000|100%| E|CS|TAMS 0x000000008d700000, 0x000000008d700000| Complete 
| 216|0x000000008d800000, 0x000000008d900000, 0x000000008d900000|100%| E|CS|TAMS 0x000000008d800000, 0x000000008d800000| Complete 
| 217|0x000000008d900000, 0x000000008da00000, 0x000000008da00000|100%| E|CS|TAMS 0x000000008d900000, 0x000000008d900000| Complete 
| 218|0x000000008da00000, 0x000000008db00000, 0x000000008db00000|100%| E|CS|TAMS 0x000000008da00000, 0x000000008da00000| Complete 
| 219|0x000000008db00000, 0x000000008dc00000, 0x000000008dc00000|100%| E|CS|TAMS 0x000000008db00000, 0x000000008db00000| Complete 
| 220|0x000000008dc00000, 0x000000008dd00000, 0x000000008dd00000|100%| E|CS|TAMS 0x000000008dc00000, 0x000000008dc00000| Complete 
| 221|0x000000008dd00000, 0x000000008de00000, 0x000000008de00000|100%| E|CS|TAMS 0x000000008dd00000, 0x000000008dd00000| Complete 
| 222|0x000000008de00000, 0x000000008df00000, 0x000000008df00000|100%| E|CS|TAMS 0x000000008de00000, 0x000000008de00000| Complete 
| 223|0x000000008df00000, 0x000000008e000000, 0x000000008e000000|100%| E|CS|TAMS 0x000000008df00000, 0x000000008df00000| Complete 
| 224|0x000000008e000000, 0x000000008e100000, 0x000000008e100000|100%| E|CS|TAMS 0x000000008e000000, 0x000000008e000000| Complete 
| 225|0x000000008e100000, 0x000000008e200000, 0x000000008e200000|100%| E|CS|TAMS 0x000000008e100000, 0x000000008e100000| Complete 
| 226|0x000000008e200000, 0x000000008e300000, 0x000000008e300000|100%| E|CS|TAMS 0x000000008e200000, 0x000000008e200000| Complete 
| 227|0x000000008e300000, 0x000000008e400000, 0x000000008e400000|100%| E|CS|TAMS 0x000000008e300000, 0x000000008e300000| Complete 
| 228|0x000000008e400000, 0x000000008e500000, 0x000000008e500000|100%| E|  |TAMS 0x000000008e400000, 0x000000008e400000| Complete 
| 229|0x000000008e500000, 0x000000008e600000, 0x000000008e600000|100%| E|CS|TAMS 0x000000008e500000, 0x000000008e500000| Complete 
| 230|0x000000008e600000, 0x000000008e700000, 0x000000008e700000|100%| E|CS|TAMS 0x000000008e600000, 0x000000008e600000| Complete 
| 231|0x000000008e700000, 0x000000008e800000, 0x000000008e800000|100%| E|CS|TAMS 0x000000008e700000, 0x000000008e700000| Complete 
| 232|0x000000008e800000, 0x000000008e900000, 0x000000008e900000|100%| E|CS|TAMS 0x000000008e800000, 0x000000008e800000| Complete 
| 233|0x000000008e900000, 0x000000008ea00000, 0x000000008ea00000|100%| E|CS|TAMS 0x000000008e900000, 0x000000008e900000| Complete 
| 234|0x000000008ea00000, 0x000000008eb00000, 0x000000008eb00000|100%| E|CS|TAMS 0x000000008ea00000, 0x000000008ea00000| Complete 
| 235|0x000000008eb00000, 0x000000008ec00000, 0x000000008ec00000|100%| E|CS|TAMS 0x000000008eb00000, 0x000000008eb00000| Complete 
| 236|0x000000008ec00000, 0x000000008ed00000, 0x000000008ed00000|100%| E|CS|TAMS 0x000000008ec00000, 0x000000008ec00000| Complete 
| 237|0x000000008ed00000, 0x000000008ee00000, 0x000000008ee00000|100%| E|CS|TAMS 0x000000008ed00000, 0x000000008ed00000| Complete 
| 238|0x000000008ee00000, 0x000000008ef00000, 0x000000008ef00000|100%| E|CS|TAMS 0x000000008ee00000, 0x000000008ee00000| Complete 
| 239|0x000000008ef00000, 0x000000008f000000, 0x000000008f000000|100%| E|CS|TAMS 0x000000008ef00000, 0x000000008ef00000| Complete 
| 240|0x000000008f000000, 0x000000008f100000, 0x000000008f100000|100%| E|CS|TAMS 0x000000008f000000, 0x000000008f000000| Complete 
| 241|0x000000008f100000, 0x000000008f200000, 0x000000008f200000|100%| E|CS|TAMS 0x000000008f100000, 0x000000008f100000| Complete 
| 242|0x000000008f200000, 0x000000008f300000, 0x000000008f300000|100%| E|CS|TAMS 0x000000008f200000, 0x000000008f200000| Complete 
| 243|0x000000008f300000, 0x000000008f400000, 0x000000008f400000|100%| E|CS|TAMS 0x000000008f300000, 0x000000008f300000| Complete 
| 244|0x000000008f400000, 0x000000008f500000, 0x000000008f500000|100%| E|CS|TAMS 0x000000008f400000, 0x000000008f400000| Complete 
| 245|0x000000008f500000, 0x000000008f600000, 0x000000008f600000|100%| E|CS|TAMS 0x000000008f500000, 0x000000008f500000| Complete 
| 246|0x000000008f600000, 0x000000008f700000, 0x000000008f700000|100%| E|CS|TAMS 0x000000008f600000, 0x000000008f600000| Complete 
| 247|0x000000008f700000, 0x000000008f800000, 0x000000008f800000|100%| E|CS|TAMS 0x000000008f700000, 0x000000008f700000| Complete 
| 248|0x000000008f800000, 0x000000008f900000, 0x000000008f900000|100%| E|CS|TAMS 0x000000008f800000, 0x000000008f800000| Complete 
| 249|0x000000008f900000, 0x000000008fa00000, 0x000000008fa00000|100%| E|CS|TAMS 0x000000008f900000, 0x000000008f900000| Complete 
| 250|0x000000008fa00000, 0x000000008fb00000, 0x000000008fb00000|100%| E|CS|TAMS 0x000000008fa00000, 0x000000008fa00000| Complete 
| 251|0x000000008fb00000, 0x000000008fc00000, 0x000000008fc00000|100%| E|CS|TAMS 0x000000008fb00000, 0x000000008fb00000| Complete 
| 252|0x000000008fc00000, 0x000000008fd00000, 0x000000008fd00000|100%| E|CS|TAMS 0x000000008fc00000, 0x000000008fc00000| Complete 
| 253|0x000000008fd00000, 0x000000008fe00000, 0x000000008fe00000|100%| E|CS|TAMS 0x000000008fd00000, 0x000000008fd00000| Complete 
| 254|0x000000008fe00000, 0x000000008ff00000, 0x000000008ff00000|100%| E|CS|TAMS 0x000000008fe00000, 0x000000008fe00000| Complete 
| 255|0x000000008ff00000, 0x0000000090000000, 0x0000000090000000|100%| E|CS|TAMS 0x000000008ff00000, 0x000000008ff00000| Complete 
| 256|0x0000000090000000, 0x0000000090100000, 0x0000000090100000|100%| E|CS|TAMS 0x0000000090000000, 0x0000000090000000| Complete 
| 257|0x0000000090100000, 0x0000000090200000, 0x0000000090200000|100%| E|CS|TAMS 0x0000000090100000, 0x0000000090100000| Complete 
| 258|0x0000000090200000, 0x0000000090300000, 0x0000000090300000|100%| E|CS|TAMS 0x0000000090200000, 0x0000000090200000| Complete 
| 259|0x0000000090300000, 0x0000000090400000, 0x0000000090400000|100%| E|CS|TAMS 0x0000000090300000, 0x0000000090300000| Complete 
| 260|0x0000000090400000, 0x0000000090500000, 0x0000000090500000|100%| E|CS|TAMS 0x0000000090400000, 0x0000000090400000| Complete 
| 261|0x0000000090500000, 0x0000000090600000, 0x0000000090600000|100%| E|CS|TAMS 0x0000000090500000, 0x0000000090500000| Complete 
| 262|0x0000000090600000, 0x0000000090700000, 0x0000000090700000|100%| E|CS|TAMS 0x0000000090600000, 0x0000000090600000| Complete 
| 263|0x0000000090700000, 0x0000000090800000, 0x0000000090800000|100%| E|CS|TAMS 0x0000000090700000, 0x0000000090700000| Complete 
| 264|0x0000000090800000, 0x0000000090900000, 0x0000000090900000|100%| E|CS|TAMS 0x0000000090800000, 0x0000000090800000| Complete 
| 265|0x0000000090900000, 0x0000000090a00000, 0x0000000090a00000|100%| E|CS|TAMS 0x0000000090900000, 0x0000000090900000| Complete 
| 266|0x0000000090a00000, 0x0000000090b00000, 0x0000000090b00000|100%| E|CS|TAMS 0x0000000090a00000, 0x0000000090a00000| Complete 
| 267|0x0000000090b00000, 0x0000000090c00000, 0x0000000090c00000|100%| E|CS|TAMS 0x0000000090b00000, 0x0000000090b00000| Complete 
| 268|0x0000000090c00000, 0x0000000090d00000, 0x0000000090d00000|100%| E|CS|TAMS 0x0000000090c00000, 0x0000000090c00000| Complete 
| 269|0x0000000090d00000, 0x0000000090e00000, 0x0000000090e00000|100%| E|CS|TAMS 0x0000000090d00000, 0x0000000090d00000| Complete 
| 270|0x0000000090e00000, 0x0000000090f00000, 0x0000000090f00000|100%| E|CS|TAMS 0x0000000090e00000, 0x0000000090e00000| Complete 
| 271|0x0000000090f00000, 0x0000000091000000, 0x0000000091000000|100%| E|CS|TAMS 0x0000000090f00000, 0x0000000090f00000| Complete 
| 272|0x0000000091000000, 0x0000000091100000, 0x0000000091100000|100%| E|CS|TAMS 0x0000000091000000, 0x0000000091000000| Complete 
| 273|0x0000000091100000, 0x0000000091200000, 0x0000000091200000|100%| E|CS|TAMS 0x0000000091100000, 0x0000000091100000| Complete 

Card table byte_map: [0x000002e313250000,0x000002e313650000] _byte_map_base: 0x000002e312e50000

Marking Bits (Prev, Next): (CMBitMap*) 0x000002e37e8ebd00, (CMBitMap*) 0x000002e37e8ebcc8
 Prev Bits: [0x000002e315a50000, 0x000002e317a50000)
 Next Bits: [0x000002e313a50000, 0x000002e315a50000)

Polling page: 0x000002e300000000

Metaspace:

Usage:
  Non-class:     81.25 MB capacity,    79.61 MB ( 98%) used,     1.37 MB (  2%) free+waste,   279.81 KB ( <1%) overhead. 
      Class:     12.63 MB capacity,    11.72 MB ( 93%) used,   809.76 KB (  6%) free+waste,   125.69 KB ( <1%) overhead. 
       Both:     93.88 MB capacity,    91.32 MB ( 97%) used,     2.16 MB (  2%) free+waste,   405.50 KB ( <1%) overhead. 

Virtual space:
  Non-class space:       82.00 MB reserved,      81.50 MB (>99%) committed 
      Class space:        1.00 GB reserved,      12.75 MB (  1%) committed 
             Both:        1.08 GB reserved,      94.25 MB (  9%) committed 

Chunk freelists:
   Non-Class:  1.00 KB
       Class:  0 bytes
        Both:  1.00 KB

MaxMetaspaceSize: 17179869184.00 GB
CompressedClassSpaceSize: 1.00 GB

CodeHeap 'non-profiled nmethods': size=120064Kb used=7703Kb max_used=7703Kb free=112361Kb
 bounds [0x000002e30b4f0000, 0x000002e30bc80000, 0x000002e312a30000]
CodeHeap 'profiled nmethods': size=120000Kb used=27128Kb max_used=27128Kb free=92872Kb
 bounds [0x000002e303fc0000, 0x000002e305a40000, 0x000002e30b4f0000]
CodeHeap 'non-nmethods': size=5696Kb used=2288Kb max_used=2332Kb free=3407Kb
 bounds [0x000002e303a30000, 0x000002e303ca0000, 0x000002e303fc0000]
 total_blobs=12947 nmethods=12053 adapters=802
 compilation: enabled
              stopped_count=0, restarted_count=0
 full_count=0

Compilation events (20 events):
Event: 1206.913 Thread 0x000002e319ea7800 nmethod 12145 0x000002e305a39710 code [0x000002e305a39980, 0x000002e305a39f98]
Event: 1206.921 Thread 0x000002e319ea7800 12146       2       org.gradle.internal.snapshot.impl.EnumValueSnapshot::equals (63 bytes)
Event: 1206.922 Thread 0x000002e319ea7800 nmethod 12146 0x000002e305a3a290 code [0x000002e305a3a460, 0x000002e305a3a698]
Event: 1206.923 Thread 0x000002e319ea7800 12147       2       org.gradle.api.internal.project.DefaultProject::getPluginManager (5 bytes)
Event: 1206.923 Thread 0x000002e319ea7800 nmethod 12147 0x000002e305a3a810 code [0x000002e305a3a9c0, 0x000002e305a3aae8]
Event: 1206.923 Thread 0x000002e319ea7800 12148       2       groovy.lang.MetaClassImpl::getMetaProperty (45 bytes)
Event: 1206.924 Thread 0x000002e319ea7800 nmethod 12148 0x000002e305a3ab90 code [0x000002e305a3ad60, 0x000002e305a3af58]
Event: 1206.925 Thread 0x000002e319ea7800 12149       2       org.gradle.api.internal.artifacts.configurations.DefaultConfiguration::withDependencies (21 bytes)
Event: 1206.926 Thread 0x000002e319ea7800 nmethod 12149 0x000002e305a3b090 code [0x000002e305a3b260, 0x000002e305a3b448]
Event: 1206.926 Thread 0x000002e319ea7800 12150       2       java.util.regex.Pattern::newCharProperty (34 bytes)
Event: 1206.927 Thread 0x000002e319ea7800 nmethod 12150 0x000002e305a3b590 code [0x000002e305a3b760, 0x000002e305a3bb98]
Event: 1206.930 Thread 0x000002e319ea7800 12151       2       org.jetbrains.kotlin.gradle.internal.KotlinDependenciesManagementKt$configureDefaultVersionsResolutionStrategy$1::execute (9 bytes)
Event: 1206.931 Thread 0x000002e319ea7800 nmethod 12151 0x000002e305a3bc90 code [0x000002e305a3be60, 0x000002e305a3c088]
Event: 1206.931 Thread 0x000002e319ea7800 12152       2       org.gradle.api.internal.artifacts.configurations.DefaultConfiguration::preventIllegalParentMutation (104 bytes)
Event: 1206.933 Thread 0x000002e319ea7800 nmethod 12152 0x000002e305a3c190 code [0x000002e305a3c4a0, 0x000002e305a3d248]
Event: 1206.941 Thread 0x000002e319ea7800 12153       2       org.gradle.internal.extensibility.ExtensionsStorage::hasExtension (11 bytes)
Event: 1206.942 Thread 0x000002e319ea7800 nmethod 12153 0x000002e305a3d890 code [0x000002e305a3da40, 0x000002e305a3db68]
Event: 1206.943 Thread 0x000002e319ea7800 12154       2       org.jetbrains.kotlin.gradle.internal.AndroidExtensionsSubpluginIndicator$addAndroidExtensionsRuntime$1::execute (9 bytes)
Event: 1206.944 Thread 0x000002e319ea7800 nmethod 12154 0x000002e305a3dc10 code [0x000002e305a3ddc0, 0x000002e305a3df28]
Event: 1207.560 Thread 0x000002e319ea7800 12155       2       org.apache.groovy.parser.antlr4.GroovyParser$PrimaryContext::<init> (7 bytes)

GC Heap History (20 events):
Event: 14.136 GC heap before
{Heap before GC invocations=7 (full 0):
 garbage-first heap   total 194560K, used 83819K [0x0000000080000000, 0x0000000100000000)
  region size 1024K, 74 young (75776K), 9 survivors (9216K)
 Metaspace       used 26892K, capacity 27640K, committed 27904K, reserved 1073152K
  class space    used 3536K, capacity 3794K, committed 3840K, reserved 1048576K
}
Event: 14.169 GC heap after
{Heap after GC invocations=8 (full 0):
 garbage-first heap   total 233472K, used 19094K [0x0000000080000000, 0x0000000100000000)
  region size 1024K, 3 young (3072K), 3 survivors (3072K)
 Metaspace       used 26892K, capacity 27640K, committed 27904K, reserved 1073152K
  class space    used 3536K, capacity 3794K, committed 3840K, reserved 1048576K
}
Event: 16.676 GC heap before
{Heap before GC invocations=8 (full 0):
 garbage-first heap   total 233472K, used 62102K [0x0000000080000000, 0x0000000100000000)
  region size 1024K, 46 young (47104K), 3 survivors (3072K)
 Metaspace       used 35057K, capacity 35795K, committed 35840K, reserved 1081344K
  class space    used 4535K, capacity 4832K, committed 4864K, reserved 1048576K
}
Event: 16.699 GC heap after
{Heap after GC invocations=9 (full 0):
 garbage-first heap   total 233472K, used 23304K [0x0000000080000000, 0x0000000100000000)
  region size 1024K, 7 young (7168K), 7 survivors (7168K)
 Metaspace       used 35057K, capacity 35795K, committed 35840K, reserved 1081344K
  class space    used 4535K, capacity 4832K, committed 4864K, reserved 1048576K
}
Event: 19.567 GC heap before
{Heap before GC invocations=10 (full 0):
 garbage-first heap   total 233472K, used 101128K [0x0000000080000000, 0x0000000100000000)
  region size 1024K, 81 young (82944K), 7 survivors (7168K)
 Metaspace       used 40778K, capacity 41738K, committed 41984K, reserved 1085440K
  class space    used 5241K, capacity 5565K, committed 5632K, reserved 1048576K
}
Event: 19.611 GC heap after
{Heap after GC invocations=11 (full 0):
 garbage-first heap   total 233472K, used 27537K [0x0000000080000000, 0x0000000100000000)
  region size 1024K, 9 young (9216K), 9 survivors (9216K)
 Metaspace       used 40778K, capacity 41738K, committed 41984K, reserved 1085440K
  class space    used 5241K, capacity 5565K, committed 5632K, reserved 1048576K
}
Event: 32.136 GC heap before
{Heap before GC invocations=11 (full 0):
 garbage-first heap   total 233472K, used 143249K [0x0000000080000000, 0x0000000100000000)
  region size 1024K, 114 young (116736K), 9 survivors (9216K)
 Metaspace       used 47999K, capacity 49242K, committed 49408K, reserved 1091584K
  class space    used 6095K, capacity 6547K, committed 6656K, reserved 1048576K
}
Event: 32.205 GC heap after
{Heap after GC invocations=12 (full 0):
 garbage-first heap   total 233472K, used 46434K [0x0000000080000000, 0x0000000100000000)
  region size 1024K, 15 young (15360K), 15 survivors (15360K)
 Metaspace       used 47999K, capacity 49242K, committed 49408K, reserved 1091584K
  class space    used 6095K, capacity 6547K, committed 6656K, reserved 1048576K
}
Event: 36.117 GC heap before
{Heap before GC invocations=12 (full 0):
 garbage-first heap   total 233472K, used 121186K [0x0000000080000000, 0x0000000100000000)
  region size 1024K, 89 young (91136K), 15 survivors (15360K)
 Metaspace       used 58571K, capacity 60024K, committed 60160K, reserved 1101824K
  class space    used 7399K, capacity 7940K, committed 8064K, reserved 1048576K
}
Event: 36.214 GC heap after
{Heap after GC invocations=13 (full 0):
 garbage-first heap   total 233472K, used 50477K [0x0000000080000000, 0x0000000100000000)
  region size 1024K, 4 young (4096K), 4 survivors (4096K)
 Metaspace       used 58571K, capacity 60024K, committed 60160K, reserved 1101824K
  class space    used 7399K, capacity 7940K, committed 8064K, reserved 1048576K
}
Event: 44.172 GC heap before
{Heap before GC invocations=14 (full 0):
 garbage-first heap   total 233472K, used 152877K [0x0000000080000000, 0x0000000100000000)
  region size 1024K, 104 young (106496K), 4 survivors (4096K)
 Metaspace       used 66173K, capacity 67772K, committed 67840K, reserved 1107968K
  class space    used 8345K, capacity 8927K, committed 8960K, reserved 1048576K
}
Event: 44.228 GC heap after
{Heap after GC invocations=15 (full 0):
 garbage-first heap   total 280576K, used 57991K [0x0000000080000000, 0x0000000100000000)
  region size 1024K, 11 young (11264K), 11 survivors (11264K)
 Metaspace       used 66173K, capacity 67772K, committed 67840K, reserved 1107968K
  class space    used 8345K, capacity 8927K, committed 8960K, reserved 1048576K
}
Event: 52.934 GC heap before
{Heap before GC invocations=15 (full 0):
 garbage-first heap   total 280576K, used 166535K [0x0000000080000000, 0x0000000100000000)
  region size 1024K, 117 young (119808K), 11 survivors (11264K)
 Metaspace       used 77638K, capacity 79393K, committed 79488K, reserved 1118208K
  class space    used 9991K, capacity 10602K, committed 10624K, reserved 1048576K
}
Event: 53.009 GC heap after
{Heap after GC invocations=16 (full 0):
 garbage-first heap   total 280576K, used 65013K [0x0000000080000000, 0x0000000100000000)
  region size 1024K, 7 young (7168K), 7 survivors (7168K)
 Metaspace       used 77638K, capacity 79393K, committed 79488K, reserved 1118208K
  class space    used 9991K, capacity 10602K, committed 10624K, reserved 1048576K
}
Event: 64.334 GC heap before
{Heap before GC invocations=16 (full 0):
 garbage-first heap   total 280576K, used 180725K [0x0000000080000000, 0x0000000100000000)
  region size 1024K, 121 young (123904K), 7 survivors (7168K)
 Metaspace       used 84113K, capacity 86210K, committed 86400K, reserved 1124352K
  class space    used 10855K, capacity 11642K, committed 11648K, reserved 1048576K
}
Event: 64.404 GC heap after
{Heap after GC invocations=17 (full 0):
 garbage-first heap   total 280576K, used 72181K [0x0000000080000000, 0x0000000100000000)
  region size 1024K, 14 young (14336K), 14 survivors (14336K)
 Metaspace       used 84113K, capacity 86210K, committed 86400K, reserved 1124352K
  class space    used 10855K, capacity 11642K, committed 11648K, reserved 1048576K
}
Event: 1183.992 GC heap before
{Heap before GC invocations=17 (full 0):
 garbage-first heap   total 280576K, used 210421K [0x0000000080000000, 0x0000000100000000)
  region size 1024K, 135 young (138240K), 14 survivors (14336K)
 Metaspace       used 89024K, capacity 91287K, committed 91520K, reserved 1128448K
  class space    used 11543K, capacity 12373K, committed 12416K, reserved 1048576K
}
Event: 1184.121 GC heap after
{Heap after GC invocations=18 (full 0):
 garbage-first heap   total 280576K, used 96138K [0x0000000080000000, 0x0000000100000000)
  region size 1024K, 16 young (16384K), 16 survivors (16384K)
 Metaspace       used 89024K, capacity 91287K, committed 91520K, reserved 1128448K
  class space    used 11543K, capacity 12373K, committed 12416K, reserved 1048576K
}
Event: 1196.758 GC heap before
{Heap before GC invocations=18 (full 0):
 garbage-first heap   total 280576K, used 216970K [0x0000000080000000, 0x0000000100000000)
  region size 1024K, 131 young (134144K), 16 survivors (16384K)
 Metaspace       used 91559K, capacity 93972K, committed 94208K, reserved 1130496K
  class space    used 11818K, capacity 12731K, committed 12800K, reserved 1048576K
}
Event: 1196.853 GC heap after
{Heap after GC invocations=19 (full 0):
 garbage-first heap   total 280576K, used 102912K [0x0000000080000000, 0x0000000100000000)
  region size 1024K, 13 young (13312K), 13 survivors (13312K)
 Metaspace       used 91559K, capacity 93972K, committed 94208K, reserved 1130496K
  class space    used 11818K, capacity 12731K, committed 12800K, reserved 1048576K
}

Deoptimization events (20 events):
Event: 1204.279 Thread 0x000002e31c2e6000 DEOPT PACKING pc=0x000002e30b725704 sp=0x000000fe1a4f9970
Event: 1204.279 Thread 0x000002e31c2e6000 DEOPT UNPACKING pc=0x000002e303a578af sp=0x000000fe1a4f98a0 mode 2
Event: 1204.561 Thread 0x000002e31c2e6000 DEOPT PACKING pc=0x000002e305693a96 sp=0x000000fe1a4f8670
Event: 1204.561 Thread 0x000002e31c2e6000 DEOPT UNPACKING pc=0x000002e303a576ce sp=0x000000fe1a4f7b80 mode 0
Event: 1204.592 Thread 0x000002e31c2e6000 DEOPT PACKING pc=0x000002e3056f6bf8 sp=0x000000fe1a4f80c0
Event: 1204.592 Thread 0x000002e31c2e6000 DEOPT UNPACKING pc=0x000002e303a576ce sp=0x000000fe1a4f7618 mode 0
Event: 1204.603 Thread 0x000002e31c2e6000 Uncommon trap: trap_request=0xffffffc6 fr.pc=0x000002e30ba0e428 relative=0x0000000000001928
Event: 1204.603 Thread 0x000002e31c2e6000 Uncommon trap: reason=bimorphic_or_optimized_type_check action=maybe_recompile pc=0x000002e30ba0e428 method=java.util.concurrent.ConcurrentHashMap.putVal(Ljava/lang/Object;Ljava/lang/Object;Z)Ljava/lang/Object; @ 159 c2
Event: 1204.603 Thread 0x000002e31c2e6000 DEOPT PACKING pc=0x000002e30ba0e428 sp=0x000000fe1a4f7b60
Event: 1204.603 Thread 0x000002e31c2e6000 DEOPT UNPACKING pc=0x000002e303a578af sp=0x000000fe1a4f7b00 mode 2
Event: 1204.741 Thread 0x000002e31c2e6000 DEOPT PACKING pc=0x000002e305693a54 sp=0x000000fe1a4f8670
Event: 1204.741 Thread 0x000002e31c2e6000 DEOPT UNPACKING pc=0x000002e303a576ce sp=0x000000fe1a4f7b80 mode 0
Event: 1206.627 Thread 0x000002e31c2e6000 DEOPT PACKING pc=0x000002e304d80624 sp=0x000000fe1a4f8170
Event: 1206.627 Thread 0x000002e31c2e6000 DEOPT UNPACKING pc=0x000002e303a576ce sp=0x000000fe1a4f7690 mode 0
Event: 1206.688 Thread 0x000002e31c2e6000 DEOPT PACKING pc=0x000002e3044a2cf9 sp=0x000000fe1a4f88c0
Event: 1206.688 Thread 0x000002e31c2e6000 DEOPT UNPACKING pc=0x000002e303a576ce sp=0x000000fe1a4f7d88 mode 0
Event: 1206.689 Thread 0x000002e31c2e6000 DEOPT PACKING pc=0x000002e3044a5396 sp=0x000000fe1a4f8890
Event: 1206.690 Thread 0x000002e31c2e6000 DEOPT UNPACKING pc=0x000002e303a576ce sp=0x000000fe1a4f7da8 mode 0
Event: 1206.708 Thread 0x000002e31c2e6000 DEOPT PACKING pc=0x000002e304d80624 sp=0x000000fe1a4f8e10
Event: 1206.708 Thread 0x000002e31c2e6000 DEOPT UNPACKING pc=0x000002e303a576ce sp=0x000000fe1a4f8330 mode 0

Classes redefined (0 events):
No events

Internal exceptions (20 events):
Event: 1201.593 Thread 0x000002e31c2e6000 Exception <a 'java/lang/ClassNotFoundException'{0x000000008f882648}: java/util/concurrent/CopyOnWriteArrayListCustomizer> (0x000000008f882648) thrown at [./src/hotspot/share/classfile/systemDictionary.cpp, line 231]
Event: 1202.034 Thread 0x000002e31c2e6000 Exception <a 'java/lang/ClassNotFoundException'{0x000000008f532868}: org/gradle/internal/service/scopes/ProjectScopeServicesBeanInfo> (0x000000008f532868) thrown at [./src/hotspot/share/classfile/systemDictionary.cpp, line 231]
Event: 1202.039 Thread 0x000002e31c2e6000 Exception <a 'java/lang/ClassNotFoundException'{0x000000008f54b7f0}: org/gradle/internal/service/DefaultServiceRegistryBeanInfo> (0x000000008f54b7f0) thrown at [./src/hotspot/share/classfile/systemDictionary.cpp, line 231]
Event: 1202.040 Thread 0x000002e31c2e6000 Exception <a 'java/lang/ClassNotFoundException'{0x000000008f564f48}: org/gradle/internal/service/DefaultServiceRegistryCustomizer> (0x000000008f564f48) thrown at [./src/hotspot/share/classfile/systemDictionary.cpp, line 231]
Event: 1202.042 Thread 0x000002e31c2e6000 Exception <a 'java/lang/ClassNotFoundException'{0x000000008f5b3258}: org/gradle/internal/service/scopes/ProjectScopeServicesCustomizer> (0x000000008f5b3258) thrown at [./src/hotspot/share/classfile/systemDictionary.cpp, line 231]
Event: 1202.076 Thread 0x000002e31c2e6000 Exception <a 'java/lang/ClassNotFoundException'{0x000000008f404508}: org/gradle/tooling/provider/model/internal/DefaultToolingModelBuilderRegistryBeanInfo> (0x000000008f404508) thrown at [./src/hotspot/share/classfile/systemDictionary.cpp, line 231]
Event: 1202.078 Thread 0x000002e31c2e6000 Exception <a 'java/lang/ClassNotFoundException'{0x000000008f421c70}: org/gradle/tooling/provider/model/internal/DefaultToolingModelBuilderRegistryCustomizer> (0x000000008f421c70) thrown at [./src/hotspot/share/classfile/systemDictionary.cpp, line 231]
Event: 1202.114 Thread 0x000002e31c2e6000 Exception <a 'java/lang/ClassNotFoundException'{0x000000008f3c39f0}: org/codehaus/groovy/reflection/CachedFieldBeanInfo> (0x000000008f3c39f0) thrown at [./src/hotspot/share/classfile/systemDictionary.cpp, line 231]
Event: 1202.116 Thread 0x000002e31c2e6000 Exception <a 'java/lang/ClassNotFoundException'{0x000000008f3e6130}: groovy/lang/MetaPropertyBeanInfo> (0x000000008f3e6130) thrown at [./src/hotspot/share/classfile/systemDictionary.cpp, line 231]
Event: 1202.117 Thread 0x000002e31c2e6000 Exception <a 'java/lang/ClassNotFoundException'{0x000000008f2095b8}: groovy/lang/MetaPropertyCustomizer> (0x000000008f2095b8) thrown at [./src/hotspot/share/classfile/systemDictionary.cpp, line 231]
Event: 1202.125 Thread 0x000002e31c2e6000 Exception <a 'java/lang/ClassNotFoundException'{0x000000008f193f98}: org/codehaus/groovy/reflection/CachedFieldCustomizer> (0x000000008f193f98) thrown at [./src/hotspot/share/classfile/systemDictionary.cpp, line 231]
Event: 1202.143 Thread 0x000002e31c2e6000 Exception <a 'java/lang/ClassNotFoundException'{0x000000008f0bb0a0}: java/util/ArrayListBeanInfo> (0x000000008f0bb0a0) thrown at [./src/hotspot/share/classfile/systemDictionary.cpp, line 231]
Event: 1202.144 Thread 0x000002e31c2e6000 Exception <a 'java/lang/ClassNotFoundException'{0x000000008f0c67f8}: java/util/AbstractListBeanInfo> (0x000000008f0c67f8) thrown at [./src/hotspot/share/classfile/systemDictionary.cpp, line 231]
Event: 1202.144 Thread 0x000002e31c2e6000 Exception <a 'java/lang/ClassNotFoundException'{0x000000008f0d2208}: java/util/AbstractListCustomizer> (0x000000008f0d2208) thrown at [./src/hotspot/share/classfile/systemDictionary.cpp, line 231]
Event: 1202.146 Thread 0x000002e31c2e6000 Exception <a 'java/lang/ClassNotFoundException'{0x000000008f0e8608}: java/util/ArrayListCustomizer> (0x000000008f0e8608) thrown at [./src/hotspot/share/classfile/systemDictionary.cpp, line 231]
Event: 1202.153 Thread 0x000002e31c2e6000 Exception <a 'java/lang/ClassNotFoundException'{0x000000008ef6d690}: java/util/CollectionBeanInfo> (0x000000008ef6d690) thrown at [./src/hotspot/share/classfile/systemDictionary.cpp, line 231]
Event: 1202.155 Thread 0x000002e31c2e6000 Exception <a 'java/lang/ClassNotFoundException'{0x000000008ef79060}: java/util/CollectionCustomizer> (0x000000008ef79060) thrown at [./src/hotspot/share/classfile/systemDictionary.cpp, line 231]
Event: 1206.240 Thread 0x000002e31c2e6000 Exception <a 'java/lang/ClassNotFoundException'{0x000000008d06d1d8}: build_54zaisrghnn5pp410ia0t4ts0BeanInfo> (0x000000008d06d1d8) thrown at [./src/hotspot/share/classfile/systemDictionary.cpp, line 231]
Event: 1206.241 Thread 0x000002e31c2e6000 Exception <a 'java/lang/ClassNotFoundException'{0x000000008d078a00}: build_54zaisrghnn5pp410ia0t4ts0Customizer> (0x000000008d078a00) thrown at [./src/hotspot/share/classfile/systemDictionary.cpp, line 231]
Event: 1206.511 Thread 0x000002e31c2e6000 Exception <a 'sun/nio/fs/WindowsException'{0x000000008ce58b08}> (0x000000008ce58b08) thrown at [./src/hotspot/share/prims/jni.cpp, line 615]

Events (20 events):
Event: 1206.284 Executing VM operation: RevokeBias
Event: 1206.284 Executing VM operation: RevokeBias done
Event: 1206.496 Executing VM operation: RevokeBias
Event: 1206.497 Executing VM operation: RevokeBias done
Event: 1206.639 Executing VM operation: RevokeBias
Event: 1206.639 Executing VM operation: RevokeBias done
Event: 1206.639 Executing VM operation: RevokeBias
Event: 1206.639 Executing VM operation: RevokeBias done
Event: 1206.639 Executing VM operation: RevokeBias
Event: 1206.639 Executing VM operation: RevokeBias done
Event: 1206.640 Executing VM operation: RevokeBias
Event: 1206.640 Executing VM operation: RevokeBias done
Event: 1206.643 Executing VM operation: RevokeBias
Event: 1206.643 Executing VM operation: RevokeBias done
Event: 1206.643 Executing VM operation: RevokeBias
Event: 1206.643 Executing VM operation: RevokeBias done
Event: 1206.645 loading class kotlin/reflect/jvm/internal/pcollections/ConsPStack$Itr
Event: 1206.645 loading class kotlin/reflect/jvm/internal/pcollections/ConsPStack$Itr done
Event: 1206.645 Executing VM operation: RevokeBias
Event: 1206.645 Executing VM operation: RevokeBias done


Dynamic libraries:
0x00007ff7dd710000 - 0x00007ff7dd71a000 	C:\Program Files\Android\Android Studio\jre\bin\java.exe
0x00007ff805bf0000 - 0x00007ff805de5000 	C:\WINDOWS\SYSTEM32\ntdll.dll
0x00007ff8055c0000 - 0x00007ff80567e000 	C:\WINDOWS\System32\KERNEL32.DLL
0x00007ff803670000 - 0x00007ff803938000 	C:\WINDOWS\System32\KERNELBASE.dll
0x00007ff803a50000 - 0x00007ff803b50000 	C:\WINDOWS\System32\ucrtbase.dll
0x00007fffd1680000 - 0x00007fffd1697000 	C:\Program Files\Android\Android Studio\jre\bin\VCRUNTIME140.dll
0x00007fffeb1b0000 - 0x00007fffeb1c9000 	C:\Program Files\Android\Android Studio\jre\bin\jli.dll
0x00007fffec860000 - 0x00007fffecafa000 	C:\WINDOWS\WinSxS\amd64_microsoft.windows.common-controls_6595b64144ccf1df_6.0.19041.1110_none_60b5254171f9507e\COMCTL32.dll
0x00007ff8050c0000 - 0x00007ff80515e000 	C:\WINDOWS\System32\msvcrt.dll
0x00007ff804020000 - 0x00007ff8041c1000 	C:\WINDOWS\System32\USER32.dll
0x00007ff803300000 - 0x00007ff803322000 	C:\WINDOWS\System32\win32u.dll
0x00007ff803c30000 - 0x00007ff803c5b000 	C:\WINDOWS\System32\GDI32.dll
0x00007ff803940000 - 0x00007ff803a4d000 	C:\WINDOWS\System32\gdi32full.dll
0x00007ff803440000 - 0x00007ff8034dd000 	C:\WINDOWS\System32\msvcp_win.dll
0x00007ff804d00000 - 0x00007ff804d30000 	C:\WINDOWS\System32\IMM32.DLL
0x00007fffd1110000 - 0x00007fffd11ad000 	C:\Program Files\Android\Android Studio\jre\bin\msvcp140.dll
0x00007fffa2e80000 - 0x00007fffa394f000 	C:\Program Files\Android\Android Studio\jre\bin\server\jvm.dll
0x00007ff804390000 - 0x00007ff80443c000 	C:\WINDOWS\System32\ADVAPI32.dll
0x00007ff805160000 - 0x00007ff8051fb000 	C:\WINDOWS\System32\sechost.dll
0x00007ff805220000 - 0x00007ff80534a000 	C:\WINDOWS\System32\RPCRT4.dll
0x00007ff804ec0000 - 0x00007ff804ec8000 	C:\WINDOWS\System32\PSAPI.DLL
0x00007fffebfe0000 - 0x00007fffebfe9000 	C:\WINDOWS\SYSTEM32\WSOCK32.dll
0x00007ff804fa0000 - 0x00007ff80500b000 	C:\WINDOWS\System32\WS2_32.dll
0x00007fffebfa0000 - 0x00007fffebfc7000 	C:\WINDOWS\SYSTEM32\WINMM.dll
0x00007ff800a60000 - 0x00007ff800a6a000 	C:\WINDOWS\SYSTEM32\VERSION.dll
0x00007ff801ed0000 - 0x00007ff801ee2000 	C:\WINDOWS\SYSTEM32\kernel.appcore.dll
0x00007ffff89e0000 - 0x00007ffff89f1000 	C:\Program Files\Android\Android Studio\jre\bin\verify.dll
0x00007ff8016b0000 - 0x00007ff801894000 	C:\WINDOWS\SYSTEM32\DBGHELP.DLL
0x00007ffff71e0000 - 0x00007ffff720c000 	C:\WINDOWS\SYSTEM32\dbgcore.DLL
0x00007ff803b50000 - 0x00007ff803bd2000 	C:\WINDOWS\System32\bcryptPrimitives.dll
0x00007ffff4b60000 - 0x00007ffff4b89000 	C:\Program Files\Android\Android Studio\jre\bin\java.dll
0x00007ffff8970000 - 0x00007ffff897b000 	C:\Program Files\Android\Android Studio\jre\bin\jimage.dll
0x00007ffff4b10000 - 0x00007ffff4b28000 	C:\Program Files\Android\Android Studio\jre\bin\zip.dll
0x00007ff804530000 - 0x00007ff804c74000 	C:\WINDOWS\System32\SHELL32.dll
0x00007ff800cf0000 - 0x00007ff801484000 	C:\WINDOWS\SYSTEM32\windows.storage.dll
0x00007ff803c60000 - 0x00007ff803fb5000 	C:\WINDOWS\System32\combase.dll
0x00007ff802d50000 - 0x00007ff802d7e000 	C:\WINDOWS\SYSTEM32\Wldp.dll
0x00007ff805010000 - 0x00007ff8050bd000 	C:\WINDOWS\System32\SHCORE.dll
0x00007ff805430000 - 0x00007ff805485000 	C:\WINDOWS\System32\shlwapi.dll
0x00007ff803240000 - 0x00007ff80325f000 	C:\WINDOWS\SYSTEM32\profapi.dll
0x00007fffd1740000 - 0x00007fffd175a000 	C:\Program Files\Android\Android Studio\jre\bin\net.dll
0x00007ffff6430000 - 0x00007ffff653c000 	C:\WINDOWS\SYSTEM32\WINHTTP.dll
0x00007ff802ab0000 - 0x00007ff802b1a000 	C:\WINDOWS\system32\mswsock.dll
0x00007fffd1720000 - 0x00007fffd1734000 	C:\Program Files\Android\Android Studio\jre\bin\nio.dll
0x00007fffce6a0000 - 0x00007fffce6c7000 	C:\Users\DESARROLLO1\.gradle\native\8bec1ad78214c89d9ad589b4d07fe93259594b29d510b10fafb7a158f7737e5d\windows-amd64\native-platform.dll
0x00007fffbb3d0000 - 0x00007fffbb50d000 	C:\Users\DESARROLLO1\.gradle\native\53dbd7edfb1c66fb8903c78663c9afc45aea4f116125fa6feffd364cf09443e8\windows-amd64\native-platform-file-events.dll
0x00007ffff84f0000 - 0x00007ffff84fa000 	C:\Program Files\Android\Android Studio\jre\bin\management.dll
0x00007ffff4b00000 - 0x00007ffff4b0c000 	C:\Program Files\Android\Android Studio\jre\bin\management_ext.dll
0x00007ff802ca0000 - 0x00007ff802cb8000 	C:\WINDOWS\SYSTEM32\CRYPTSP.dll
0x00007ff802360000 - 0x00007ff802394000 	C:\WINDOWS\system32\rsaenh.dll
0x00007ff803640000 - 0x00007ff803667000 	C:\WINDOWS\System32\bcrypt.dll
0x00007ff803200000 - 0x00007ff80322e000 	C:\WINDOWS\SYSTEM32\USERENV.dll
0x00007ff802cc0000 - 0x00007ff802ccc000 	C:\WINDOWS\SYSTEM32\CRYPTBASE.dll
0x00007ff802730000 - 0x00007ff80276b000 	C:\WINDOWS\SYSTEM32\IPHLPAPI.DLL
0x00007ff8055b0000 - 0x00007ff8055b8000 	C:\WINDOWS\System32\NSI.dll
0x00007ffff6350000 - 0x00007ffff6367000 	C:\WINDOWS\SYSTEM32\dhcpcsvc6.DLL
0x00007ffff69f0000 - 0x00007ffff6a0d000 	C:\WINDOWS\SYSTEM32\dhcpcsvc.DLL
0x00007ff8027c0000 - 0x00007ff80288b000 	C:\WINDOWS\SYSTEM32\DNSAPI.dll

dbghelp: loaded successfully - version: 4.0.5 - missing functions: none
symbol engine: initialized successfully - sym options: 0x614 - pdb path: .;C:\Program Files\Android\Android Studio\jre\bin;C:\WINDOWS\SYSTEM32;C:\WINDOWS\WinSxS\amd64_microsoft.windows.common-controls_6595b64144ccf1df_6.0.19041.1110_none_60b5254171f9507e;C:\Program Files\Android\Android Studio\jre\bin\server;C:\Users\DESARROLLO1\.gradle\native\8bec1ad78214c89d9ad589b4d07fe93259594b29d510b10fafb7a158f7737e5d\windows-amd64;C:\Users\DESARROLLO1\.gradle\native\53dbd7edfb1c66fb8903c78663c9afc45aea4f116125fa6feffd364cf09443e8\windows-amd64

VM Arguments:
jvm_args: --add-opens=java.base/java.util=ALL-UNNAMED --add-opens=java.base/java.lang=ALL-UNNAMED --add-opens=java.base/java.lang.invoke=ALL-UNNAMED --add-opens=java.base/java.util=ALL-UNNAMED --add-opens=java.prefs/java.util.prefs=ALL-UNNAMED --add-opens=java.prefs/java.util.prefs=ALL-UNNAMED --add-opens=java.base/java.nio.charset=ALL-UNNAMED --add-opens=java.base/java.net=ALL-UNNAMED --add-opens=java.base/java.util.concurrent.atomic=ALL-UNNAMED -Xmx2048m -Dfile.encoding=UTF-8 -Duser.country=ES -Duser.language=es -Duser.variant 
java_command: org.gradle.launcher.daemon.bootstrap.GradleDaemon 7.0.2
java_class_path (initial): C:\Users\DESARROLLO1\.gradle\wrapper\dists\gradle-7.0.2-bin\857tjihv64xamwrf0h14cai3r\gradle-7.0.2\lib\gradle-launcher-7.0.2.jar
Launcher Type: SUN_STANDARD

[Global flags]
     intx CICompilerCount                          = 2                                         {product} {ergonomic}
     uint ConcGCThreads                            = 1                                         {product} {ergonomic}
     uint G1ConcRefinementThreads                  = 2                                         {product} {ergonomic}
   size_t G1HeapRegionSize                         = 1048576                                   {product} {ergonomic}
    uintx GCDrainStackTargetSize                   = 64                                        {product} {ergonomic}
   size_t InitialHeapSize                          = 199229440                                 {product} {ergonomic}
   size_t MarkStackSize                            = 4194304                                   {product} {ergonomic}
   size_t MaxHeapSize                              = 2147483648                                {product} {command line}
   size_t MaxNewSize                               = 1287651328                                {product} {ergonomic}
   size_t MinHeapDeltaBytes                        = 1048576                                   {product} {ergonomic}
    uintx NonNMethodCodeHeapSize                   = 5825164                                {pd product} {ergonomic}
    uintx NonProfiledCodeHeapSize                  = 122916538                              {pd product} {ergonomic}
    uintx ProfiledCodeHeapSize                     = 122916538                              {pd product} {ergonomic}
    uintx ReservedCodeCacheSize                    = 251658240                              {pd product} {ergonomic}
     bool SegmentedCodeCache                       = true                                      {product} {ergonomic}
     bool UseCompressedClassPointers               = true                                 {lp64_product} {ergonomic}
     bool UseCompressedOops                        = true                                 {lp64_product} {ergonomic}
     bool UseG1GC                                  = true                                      {product} {ergonomic}
     bool UseLargePagesIndividualAllocation        = false                                  {pd product} {ergonomic}

Logging:
Log output configuration:
 #0: stdout all=warning uptime,level,tags
 #1: stderr all=off uptime,level,tags

Environment Variables:
PATH=C:\Program Files (x86)\Common Files\Oracle\Java\javapath;C:\Program Files\Common Files\Oracle\Java\javapath;C:\Program Files (x86)\Intel\Intel(R) Management Engine Components\iCLS\;C:\Program Files\Intel\Intel(R) Management Engine Components\iCLS\;C:\WINDOWS\system32;C:\WINDOWS;C:\WINDOWS\System32\Wbem;C:\WINDOWS\System32\WindowsPowerShell\v1.0\;C:\WINDOWS\System32\OpenSSH\;C:\Program Files (x86)\Intel\Intel(R) Management Engine Components\DAL;C:\Program Files\Intel\Intel(R) Management Engine Components\DAL;C:\Program Files\Git\cmd;C:\WINDOWS\system32\config\systemprofile\.dnx\bin;C:\Program Files\Microsoft DNX\Dnvm\;C:\Program Files\Microsoft SQL Server\Client SDK\ODBC\110\Tools\Binn\;C:\Program Files (x86)\Microsoft SQL Server\120\Tools\Binn\;C:\Program Files\Microsoft SQL Server\120\Tools\Binn\;C:\Program Files\Microsoft SQL Server\120\DTS\Binn\;C:\Program Files (x86)\Microsoft SQL Server\120\Tools\Binn\ManagementStudio\;C:\Program Files (x86)\Microsoft SQL Server\120\DTS\Binn\;C:\Program Files (x86)\Microsoft SQL Server\90\Tools\binn\;C:\Program Files\Microsoft\Web Platform Installer\;C:\Users\DESARROLLO1\AppData\Local\Microsoft\WindowsApps;C:\Users\DESARROLLO1\AppData\Local\GitHubDesktop\bin
USERNAME=DESARROLLO1
OS=Windows_NT
PROCESSOR_IDENTIFIER=Intel64 Family 6 Model 142 Stepping 10, GenuineIntel



---------------  S Y S T E M  ---------------

OS: Windows 10 , 64 bit Build 19041 (10.0.19041.1348)
OS uptime: 14 days 1:52 hours

CPU:total 2 (initial active 2) (4 cores per cpu, 2 threads per core) family 6 model 142 stepping 10 microcode 0xb4, cmov, cx8, fxsr, mmx, sse, sse2, sse3, ssse3, sse4.1, sse4.2, popcnt, avx, avx2, aes, clmul, erms, rtm, 3dnowpref, lzcnt, ht, tsc, tscinvbit, bmi1, bmi2, adx, fma

Memory: 4k page, system-wide physical 12147M (2158M free)
TotalPageFile size 14561M (AvailPageFile size 10M)
current process WorkingSet (physical memory assigned to process): 506M, peak: 506M
current process commit charge ("private bytes"): 558M, peak: 558M

vm_info: OpenJDK 64-Bit Server VM (11.0.10+0-b96-7249189) for windows-amd64 JRE (11.0.10+0-b96-7249189), built on Mar 31 2021 21:44:00 by "builder" with MS VC++ 14.0 (VS2015)

END.
